[0.008s] Invoking command in '/home/kun/ros2_ws/build/lidar_odometry': CMAKE_PREFIX_PATH=${CMAKE_PREFIX_PATH}:/opt/ros/humble /usr/bin/cmake --build /home/kun/ros2_ws/build/lidar_odometry -- -j12 -l12
[0.077s] -- Found ament_cmake: 1.3.11 (/opt/ros/humble/share/ament_cmake/cmake)
[0.167s] -- Override CMake install command with custom implementation using symlinks instead of copying resources
[0.175s] -- Found rclcpp: 16.0.12 (/opt/ros/humble/share/rclcpp/cmake)
[0.198s] -- Found rosidl_generator_c: 3.1.6 (/opt/ros/humble/share/rosidl_generator_c/cmake)
[0.200s] -- Found rosidl_adapter: 3.1.6 (/opt/ros/humble/share/rosidl_adapter/cmake)
[0.205s] -- Found rosidl_generator_cpp: 3.1.6 (/opt/ros/humble/share/rosidl_generator_cpp/cmake)
[0.213s] -- Using all available rosidl_typesupport_c: rosidl_typesupport_fastrtps_c;rosidl_typesupport_introspection_c
[0.223s] -- Using all available rosidl_typesupport_cpp: rosidl_typesupport_fastrtps_cpp;rosidl_typesupport_introspection_cpp
[0.247s] -- Found rmw_implementation_cmake: 6.1.2 (/opt/ros/humble/share/rmw_implementation_cmake/cmake)
[0.249s] -- Found rmw_cyclonedds_cpp: 1.3.4 (/opt/ros/humble/share/rmw_cyclonedds_cpp/cmake)
[0.267s] -- Using RMW implementation 'rmw_cyclonedds_cpp' as default
[0.305s] -- Found sensor_msgs: 4.8.0 (/opt/ros/humble/share/sensor_msgs/cmake)
[0.325s] -- Found nav_msgs: 4.8.0 (/opt/ros/humble/share/nav_msgs/cmake)
[0.348s] -- Eigen found (include: /usr/include/eigen3, version: 3.4.0)
[0.374s] -- FLANN found (include: /usr/include, lib: /usr/lib/x86_64-linux-gnu/libflann_cpp.so)
[0.582s] -- Found Eigen3: /usr/include/eigen3 (found version "3.4.0") 
[0.717s] -- OpenNI found (version: 1.5.4.0, include: /usr/include/ni, lib: /usr/lib/libOpenNI.so;libusb::libusb)
[0.721s] -- OpenNI2 found (version: 2.2.0.33, include: /usr/include/openni2, lib: /usr/lib/x86_64-linux-gnu/libOpenNI2.so;libusb::libusb)
[0.722s] ** WARNING ** io features related to pcap will be disabled
[0.822s] -- Eigen found (include: /usr/include/eigen3, version: 3.4.0)
[0.827s] -- OpenNI found (version: 1.5.4.0, include: /usr/include/ni, lib: /usr/lib/libOpenNI.so;libusb::libusb)
[0.833s] -- OpenNI2 found (version: 2.2.0.33, include: /usr/include/openni2, lib: /usr/lib/x86_64-linux-gnu/libOpenNI2.so;libusb::libusb)
[0.947s] -- Found Qhull version 8.0.2
[1.048s] -- OpenNI found (version: 1.5.4.0, include: /usr/include/ni, lib: /usr/lib/libOpenNI.so;libusb::libusb)
[1.140s] -- looking for PCL_COMMON
[1.140s] -- looking for PCL_KDTREE
[1.140s] -- looking for PCL_OCTREE
[1.140s] -- looking for PCL_SEARCH
[1.141s] -- looking for PCL_SAMPLE_CONSENSUS
[1.141s] -- looking for PCL_FILTERS
[1.141s] -- looking for PCL_2D
[1.141s] -- looking for PCL_GEOMETRY
[1.141s] -- looking for PCL_IO
[1.142s] -- looking for PCL_FEATURES
[1.142s] -- looking for PCL_ML
[1.142s] -- looking for PCL_SEGMENTATION
[1.142s] -- looking for PCL_VISUALIZATION
[1.142s] -- looking for PCL_SURFACE
[1.143s] -- looking for PCL_REGISTRATION
[1.143s] -- looking for PCL_KEYPOINTS
[1.143s] -- looking for PCL_TRACKING
[1.143s] -- looking for PCL_RECOGNITION
[1.144s] -- looking for PCL_STEREO
[1.144s] -- looking for PCL_APPS
[1.144s] -- looking for PCL_IN_HAND_SCANNER
[1.145s] -- looking for PCL_MODELER
[1.145s] -- looking for PCL_POINT_CLOUD_EDITOR
[1.145s] -- looking for PCL_OUTOFCORE
[1.145s] -- looking for PCL_PEOPLE
[1.159s] -- Found laser_geometry: 2.4.0 (/opt/ros/humble/share/laser_geometry/cmake)
[1.169s] -- Found pcl_conversions: 2.4.5 (/opt/ros/humble/share/pcl_conversions/cmake)
[1.187s] -- Found tf2_eigen: 0.25.12 (/opt/ros/humble/share/tf2_eigen/cmake)
[1.250s] -- Found visualization_msgs: 4.8.0 (/opt/ros/humble/share/visualization_msgs/cmake)
[1.265s] -- Found tf2_geometry_msgs: 0.25.12 (/opt/ros/humble/share/tf2_geometry_msgs/cmake)
[1.269s] -- Found Eigen3: TRUE (found version "3.4.0") 
[1.269s] -- Ensuring Eigen3 include directory is part of orocos-kdl CMake target
[1.281s] -- Found ament_lint_auto: 0.12.12 (/opt/ros/humble/share/ament_lint_auto/cmake)
[1.329s] -- Added test 'cppcheck' to perform static code analysis on C / C++ code
[1.329s] -- Configured cppcheck include dirs: /home/kun/ros2_ws/src/Simple-2D-LiDAR-Odometry/include;$<BUILD_INTERFACE:/home/kun/ros2_ws/src/Simple-2D-LiDAR-Odometry/include>
[1.329s] -- Configured cppcheck exclude dirs and/or files: 
[1.330s] -- Added test 'lint_cmake' to check CMake code style
[1.330s] -- Added test 'uncrustify' to check C / C++ code style
[1.330s] -- Configured uncrustify additional arguments: 
[1.331s] -- Added test 'xmllint' to check XML markup files
[1.331s] -- Configuring done
[1.376s] -- Generating done
[1.383s] -- Build files have been written to: /home/kun/ros2_ws/build/lidar_odometry
[1.407s] Consolidate compiler generated dependencies of target wall_marker_node
[1.412s] [ 14%] Building CXX object CMakeFiles/qr_publisher.dir/src/qr_publisher.cpp.o
[1.415s] Consolidate compiler generated dependencies of target lidar_odometry_node
[1.441s] [ 42%] Built target wall_marker_node
[1.461s] [ 85%] Built target lidar_odometry_node
[4.030s] [100%] Linking CXX executable qr_publisher
[4.161s] [100%] Built target qr_publisher
[4.169s] Invoked command in '/home/kun/ros2_ws/build/lidar_odometry' returned '0': CMAKE_PREFIX_PATH=${CMAKE_PREFIX_PATH}:/opt/ros/humble /usr/bin/cmake --build /home/kun/ros2_ws/build/lidar_odometry -- -j12 -l12
[4.178s] Invoking command in '/home/kun/ros2_ws/build/lidar_odometry': CMAKE_PREFIX_PATH=${CMAKE_PREFIX_PATH}:/opt/ros/humble /usr/bin/cmake --install /home/kun/ros2_ws/build/lidar_odometry
[4.184s] -- Install configuration: ""
[4.184s] -- Execute custom install script
[4.184s] -- Up-to-date symlink: /home/kun/ros2_ws/install/lidar_odometry/lib/lidar_odometry/lidar_odometry_node
[4.185s] -- Up-to-date symlink: /home/kun/ros2_ws/install/lidar_odometry/lib/lidar_odometry/wall_marker_node
[4.185s] -- Symlinking: /home/kun/ros2_ws/install/lidar_odometry/lib/lidar_odometry/qr_publisher
[4.192s] -- Up-to-date symlink: /home/kun/ros2_ws/install/lidar_odometry/share/ament_index/resource_index/package_run_dependencies/lidar_odometry
[4.192s] -- Up-to-date symlink: /home/kun/ros2_ws/install/lidar_odometry/share/ament_index/resource_index/parent_prefix_path/lidar_odometry
[4.192s] -- Up-to-date symlink: /home/kun/ros2_ws/install/lidar_odometry/share/lidar_odometry/environment/ament_prefix_path.sh
[4.192s] -- Up-to-date symlink: /home/kun/ros2_ws/install/lidar_odometry/share/lidar_odometry/environment/ament_prefix_path.dsv
[4.192s] -- Up-to-date symlink: /home/kun/ros2_ws/install/lidar_odometry/share/lidar_odometry/environment/path.sh
[4.192s] -- Up-to-date symlink: /home/kun/ros2_ws/install/lidar_odometry/share/lidar_odometry/environment/path.dsv
[4.193s] -- Up-to-date symlink: /home/kun/ros2_ws/install/lidar_odometry/share/lidar_odometry/local_setup.bash
[4.193s] -- Up-to-date symlink: /home/kun/ros2_ws/install/lidar_odometry/share/lidar_odometry/local_setup.sh
[4.193s] -- Up-to-date symlink: /home/kun/ros2_ws/install/lidar_odometry/share/lidar_odometry/local_setup.zsh
[4.193s] -- Up-to-date symlink: /home/kun/ros2_ws/install/lidar_odometry/share/lidar_odometry/local_setup.dsv
[4.193s] -- Symlinking: /home/kun/ros2_ws/install/lidar_odometry/share/lidar_odometry/package.dsv
[4.200s] -- Up-to-date symlink: /home/kun/ros2_ws/install/lidar_odometry/share/ament_index/resource_index/packages/lidar_odometry
[4.200s] -- Up-to-date symlink: /home/kun/ros2_ws/install/lidar_odometry/share/lidar_odometry/cmake/lidar_odometryConfig.cmake
[4.200s] -- Up-to-date symlink: /home/kun/ros2_ws/install/lidar_odometry/share/lidar_odometry/cmake/lidar_odometryConfig-version.cmake
[4.200s] -- Up-to-date symlink: /home/kun/ros2_ws/install/lidar_odometry/share/lidar_odometry/package.xml
[4.202s] Invoked command in '/home/kun/ros2_ws/build/lidar_odometry' returned '0': CMAKE_PREFIX_PATH=${CMAKE_PREFIX_PATH}:/opt/ros/humble /usr/bin/cmake --install /home/kun/ros2_ws/build/lidar_odometry
