[0.008s] Invoking command in '/home/kun/ros2_ws/build/lidar_odometry': CMAKE_PREFIX_PATH=${CMAKE_PREFIX_PATH}:/opt/ros/humble /usr/bin/cmake --build /home/kun/ros2_ws/build/lidar_odometry -- -j12 -l12
[0.085s] -- Found ament_cmake: 1.3.11 (/opt/ros/humble/share/ament_cmake/cmake)
[0.172s] -- Override CMake install command with custom implementation using symlinks instead of copying resources
[0.182s] -- Found rclcpp: 16.0.12 (/opt/ros/humble/share/rclcpp/cmake)
[0.204s] -- Found rosidl_generator_c: 3.1.6 (/opt/ros/humble/share/rosidl_generator_c/cmake)
[0.207s] -- Found rosidl_adapter: 3.1.6 (/opt/ros/humble/share/rosidl_adapter/cmake)
[0.211s] -- Found rosidl_generator_cpp: 3.1.6 (/opt/ros/humble/share/rosidl_generator_cpp/cmake)
[0.219s] -- Using all available rosidl_typesupport_c: rosidl_typesupport_fastrtps_c;rosidl_typesupport_introspection_c
[0.228s] -- Using all available rosidl_typesupport_cpp: rosidl_typesupport_fastrtps_cpp;rosidl_typesupport_introspection_cpp
[0.253s] -- Found rmw_implementation_cmake: 6.1.2 (/opt/ros/humble/share/rmw_implementation_cmake/cmake)
[0.254s] -- Found rmw_cyclonedds_cpp: 1.3.4 (/opt/ros/humble/share/rmw_cyclonedds_cpp/cmake)
[0.271s] -- Using RMW implementation 'rmw_cyclonedds_cpp' as default
[0.306s] -- Found sensor_msgs: 4.8.0 (/opt/ros/humble/share/sensor_msgs/cmake)
[0.328s] -- Found nav_msgs: 4.8.0 (/opt/ros/humble/share/nav_msgs/cmake)
[0.352s] -- Eigen found (include: /usr/include/eigen3, version: 3.4.0)
[0.379s] -- FLANN found (include: /usr/include, lib: /usr/lib/x86_64-linux-gnu/libflann_cpp.so)
[0.621s] -- Found Eigen3: /usr/include/eigen3 (found version "3.4.0") 
[0.761s] -- OpenNI found (version: 1.5.4.0, include: /usr/include/ni, lib: /usr/lib/libOpenNI.so;libusb::libusb)
[0.767s] -- OpenNI2 found (version: 2.2.0.33, include: /usr/include/openni2, lib: /usr/lib/x86_64-linux-gnu/libOpenNI2.so;libusb::libusb)
[0.767s] [0m** WARNING ** io features related to pcap will be disabled[0m
[0.864s] -- Eigen found (include: /usr/include/eigen3, version: 3.4.0)
[0.869s] -- OpenNI found (version: 1.5.4.0, include: /usr/include/ni, lib: /usr/lib/libOpenNI.so;libusb::libusb)
[0.874s] -- OpenNI2 found (version: 2.2.0.33, include: /usr/include/openni2, lib: /usr/lib/x86_64-linux-gnu/libOpenNI2.so;libusb::libusb)
[0.978s] -- Found Qhull version 8.0.2
[1.073s] -- OpenNI found (version: 1.5.4.0, include: /usr/include/ni, lib: /usr/lib/libOpenNI.so;libusb::libusb)
[1.162s] -- looking for PCL_COMMON
[1.162s] -- looking for PCL_KDTREE
[1.162s] -- looking for PCL_OCTREE
[1.162s] -- looking for PCL_SEARCH
[1.162s] -- looking for PCL_SAMPLE_CONSENSUS
[1.163s] -- looking for PCL_FILTERS
[1.163s] -- looking for PCL_2D
[1.163s] -- looking for PCL_GEOMETRY
[1.163s] -- looking for PCL_IO
[1.163s] -- looking for PCL_FEATURES
[1.164s] -- looking for PCL_ML
[1.164s] -- looking for PCL_SEGMENTATION
[1.164s] -- looking for PCL_VISUALIZATION
[1.164s] -- looking for PCL_SURFACE
[1.165s] -- looking for PCL_REGISTRATION
[1.165s] -- looking for PCL_KEYPOINTS
[1.165s] -- looking for PCL_TRACKING
[1.165s] -- looking for PCL_RECOGNITION
[1.165s] -- looking for PCL_STEREO
[1.166s] -- looking for PCL_APPS
[1.166s] -- looking for PCL_IN_HAND_SCANNER
[1.166s] -- looking for PCL_MODELER
[1.166s] -- looking for PCL_POINT_CLOUD_EDITOR
[1.167s] -- looking for PCL_OUTOFCORE
[1.167s] -- looking for PCL_PEOPLE
[1.181s] -- Found laser_geometry: 2.4.0 (/opt/ros/humble/share/laser_geometry/cmake)
[1.192s] -- Found pcl_conversions: 2.4.5 (/opt/ros/humble/share/pcl_conversions/cmake)
[1.212s] -- Found tf2_eigen: 0.25.12 (/opt/ros/humble/share/tf2_eigen/cmake)
[1.275s] -- Found visualization_msgs: 4.8.0 (/opt/ros/humble/share/visualization_msgs/cmake)
[1.288s] -- Found tf2_geometry_msgs: 0.25.12 (/opt/ros/humble/share/tf2_geometry_msgs/cmake)
[1.294s] -- Found Eigen3: TRUE (found version "3.4.0") 
[1.294s] -- Ensuring Eigen3 include directory is part of orocos-kdl CMake target
[1.303s] -- Found ament_lint_auto: 0.12.12 (/opt/ros/humble/share/ament_lint_auto/cmake)
[1.351s] -- Added test 'cppcheck' to perform static code analysis on C / C++ code
[1.351s] -- Configured cppcheck include dirs: /home/kun/ros2_ws/src/Simple-2D-LiDAR-Odometry/include;$<BUILD_INTERFACE:/home/kun/ros2_ws/src/Simple-2D-LiDAR-Odometry/include>
[1.351s] -- Configured cppcheck exclude dirs and/or files: 
[1.352s] -- Added test 'lint_cmake' to check CMake code style
[1.352s] -- Added test 'uncrustify' to check C / C++ code style
[1.352s] -- Configured uncrustify additional arguments: 
[1.353s] -- Added test 'xmllint' to check XML markup files
[1.354s] -- Configuring done
[1.410s] -- Generating done
[1.416s] -- Build files have been written to: /home/kun/ros2_ws/build/lidar_odometry
[1.440s] [35m[1mConsolidate compiler generated dependencies of target qr_publisher[0m
[1.442s] [35m[1mConsolidate compiler generated dependencies of target wall_marker_node[0m
[1.442s] [35m[1mConsolidate compiler generated dependencies of target lidar_odometry_node[0m
[1.465s] [ 28%] Built target qr_publisher
[1.470s] [ 42%] [32mBuilding CXX object CMakeFiles/wall_marker_node.dir/src/wall_marker_node.cpp.o[0m
[1.502s] [ 85%] Built target lidar_odometry_node
[1.720s] [01m[K/home/kun/ros2_ws/src/Simple-2D-LiDAR-Odometry/src/wall_marker_node.cpp:11:10:[m[K [01;31m[Kfatal error: [m[Kmosquitto.h: No such file or directory
[1.720s]    11 | #include [01;31m[K<mosquitto.h>[m[K
[1.721s]       |          [01;31m[K^~~~~~~~~~~~~[m[K
[1.721s] compilation terminated.
[1.722s] gmake[2]: *** [CMakeFiles/wall_marker_node.dir/build.make:76: CMakeFiles/wall_marker_node.dir/src/wall_marker_node.cpp.o] Error 1
[1.722s] gmake[1]: *** [CMakeFiles/Makefile2:167: CMakeFiles/wall_marker_node.dir/all] Error 2
[1.722s] gmake: *** [Makefile:146: all] Error 2
[1.725s] Invoked command in '/home/kun/ros2_ws/build/lidar_odometry' returned '2': CMAKE_PREFIX_PATH=${CMAKE_PREFIX_PATH}:/opt/ros/humble /usr/bin/cmake --build /home/kun/ros2_ws/build/lidar_odometry -- -j12 -l12
