[0.009s] Invoking command in '/home/kun/ros2_ws/build/lidar_odometry': CMAKE_PREFIX_PATH=${CMAKE_PREFIX_PATH}:/opt/ros/humble /usr/bin/cmake --build /home/kun/ros2_ws/build/lidar_odometry -- -j12 -l12
[0.064s] -- Found ament_cmake: 1.3.11 (/opt/ros/humble/share/ament_cmake/cmake)
[0.145s] -- Override CMake install command with custom implementation using symlinks instead of copying resources
[0.154s] -- Found rclcpp: 16.0.12 (/opt/ros/humble/share/rclcpp/cmake)
[0.177s] -- Found rosidl_generator_c: 3.1.6 (/opt/ros/humble/share/rosidl_generator_c/cmake)
[0.179s] -- Found rosidl_adapter: 3.1.6 (/opt/ros/humble/share/rosidl_adapter/cmake)
[0.184s] -- Found rosidl_generator_cpp: 3.1.6 (/opt/ros/humble/share/rosidl_generator_cpp/cmake)
[0.191s] -- Using all available rosidl_typesupport_c: rosidl_typesupport_fastrtps_c;rosidl_typesupport_introspection_c
[0.200s] -- Using all available rosidl_typesupport_cpp: rosidl_typesupport_fastrtps_cpp;rosidl_typesupport_introspection_cpp
[0.224s] -- Found rmw_implementation_cmake: 6.1.2 (/opt/ros/humble/share/rmw_implementation_cmake/cmake)
[0.225s] -- Found rmw_cyclonedds_cpp: 1.3.4 (/opt/ros/humble/share/rmw_cyclonedds_cpp/cmake)
[0.241s] -- Using RMW implementation 'rmw_cyclonedds_cpp' as default
[0.277s] -- Found sensor_msgs: 4.8.0 (/opt/ros/humble/share/sensor_msgs/cmake)
[0.297s] -- Found nav_msgs: 4.8.0 (/opt/ros/humble/share/nav_msgs/cmake)
[0.322s] -- Eigen found (include: /usr/include/eigen3, version: 3.4.0)
[0.350s] -- FLANN found (include: /usr/include, lib: /usr/lib/x86_64-linux-gnu/libflann_cpp.so)
[0.710s] -- OpenNI found (version: 1.5.4.0, include: /usr/include/ni, lib: /usr/lib/libOpenNI.so;libusb::libusb)
[0.716s] -- OpenNI2 found (version: 2.2.0.33, include: /usr/include/openni2, lib: /usr/lib/x86_64-linux-gnu/libOpenNI2.so;libusb::libusb)
[0.716s] ** WARNING ** io features related to pcap will be disabled
[0.817s] -- Eigen found (include: /usr/include/eigen3, version: 3.4.0)
[0.822s] -- OpenNI found (version: 1.5.4.0, include: /usr/include/ni, lib: /usr/lib/libOpenNI.so;libusb::libusb)
[0.828s] -- OpenNI2 found (version: 2.2.0.33, include: /usr/include/openni2, lib: /usr/lib/x86_64-linux-gnu/libOpenNI2.so;libusb::libusb)
[0.935s] -- Found Qhull version 8.0.2
[1.031s] -- OpenNI found (version: 1.5.4.0, include: /usr/include/ni, lib: /usr/lib/libOpenNI.so;libusb::libusb)
[1.123s] -- looking for PCL_COMMON
[1.123s] -- looking for PCL_KDTREE
[1.123s] -- looking for PCL_OCTREE
[1.123s] -- looking for PCL_SEARCH
[1.123s] -- looking for PCL_SAMPLE_CONSENSUS
[1.123s] -- looking for PCL_FILTERS
[1.124s] -- looking for PCL_2D
[1.124s] -- looking for PCL_GEOMETRY
[1.124s] -- looking for PCL_IO
[1.124s] -- looking for PCL_FEATURES
[1.125s] -- looking for PCL_ML
[1.125s] -- looking for PCL_SEGMENTATION
[1.125s] -- looking for PCL_VISUALIZATION
[1.125s] -- looking for PCL_SURFACE
[1.125s] -- looking for PCL_REGISTRATION
[1.126s] -- looking for PCL_KEYPOINTS
[1.126s] -- looking for PCL_TRACKING
[1.126s] -- looking for PCL_RECOGNITION
[1.126s] -- looking for PCL_STEREO
[1.127s] -- looking for PCL_APPS
[1.127s] -- looking for PCL_IN_HAND_SCANNER
[1.127s] -- looking for PCL_MODELER
[1.127s] -- looking for PCL_POINT_CLOUD_EDITOR
[1.128s] -- looking for PCL_OUTOFCORE
[1.128s] -- looking for PCL_PEOPLE
[1.141s] -- Found laser_geometry: 2.4.0 (/opt/ros/humble/share/laser_geometry/cmake)
[1.150s] -- Found pcl_conversions: 2.4.5 (/opt/ros/humble/share/pcl_conversions/cmake)
[1.166s] -- Found tf2_eigen: 0.25.12 (/opt/ros/humble/share/tf2_eigen/cmake)
[1.224s] -- Found visualization_msgs: 4.8.0 (/opt/ros/humble/share/visualization_msgs/cmake)
[1.238s] -- Found tf2_geometry_msgs: 0.25.12 (/opt/ros/humble/share/tf2_geometry_msgs/cmake)
[1.245s] -- Found Eigen3: TRUE (found version "3.4.0") 
[1.245s] -- Ensuring Eigen3 include directory is part of orocos-kdl CMake target
[1.254s] -- Found ament_lint_auto: 0.12.12 (/opt/ros/humble/share/ament_lint_auto/cmake)
[1.297s] -- Added test 'cppcheck' to perform static code analysis on C / C++ code
[1.298s] -- Configured cppcheck include dirs: /home/kun/ros2_ws/src/Simple-2D-LiDAR-Odometry/include;$<BUILD_INTERFACE:/home/kun/ros2_ws/src/Simple-2D-LiDAR-Odometry/include>
[1.298s] -- Configured cppcheck exclude dirs and/or files: 
[1.298s] -- Added test 'lint_cmake' to check CMake code style
[1.299s] -- Added test 'uncrustify' to check C / C++ code style
[1.299s] -- Configured uncrustify additional arguments: 
[1.299s] -- Added test 'xmllint' to check XML markup files
[1.300s] -- Configuring done
[1.352s] -- Generating done
[1.358s] -- Build files have been written to: /home/kun/ros2_ws/build/lidar_odometry
[1.388s] [ 20%] Building CXX object CMakeFiles/wall_marker_node.dir/src/wall_marker_node.cpp.o
[1.388s] Consolidate compiler generated dependencies of target lidar_odometry_node
[1.446s] [ 40%] Building CXX object CMakeFiles/lidar_odometry_node.dir/src/lidar_odometry.cpp.o
[8.047s] [ 60%] Linking CXX executable wall_marker_node
[8.440s] [ 60%] Built target wall_marker_node
[11.903s] [ 80%] Linking CXX executable lidar_odometry_node
[12.972s] [100%] Built target lidar_odometry_node
[12.985s] Invoked command in '/home/kun/ros2_ws/build/lidar_odometry' returned '0': CMAKE_PREFIX_PATH=${CMAKE_PREFIX_PATH}:/opt/ros/humble /usr/bin/cmake --build /home/kun/ros2_ws/build/lidar_odometry -- -j12 -l12
[12.994s] Invoking command in '/home/kun/ros2_ws/build/lidar_odometry': CMAKE_PREFIX_PATH=${CMAKE_PREFIX_PATH}:/opt/ros/humble /usr/bin/cmake --install /home/kun/ros2_ws/build/lidar_odometry
[12.999s] -- Install configuration: ""
[12.999s] -- Execute custom install script
[12.999s] -- Up-to-date symlink: /home/kun/ros2_ws/install/lidar_odometry/lib/lidar_odometry/lidar_odometry_node
[12.999s] -- Symlinking: /home/kun/ros2_ws/install/lidar_odometry/lib/lidar_odometry/wall_marker_node
[13.009s] -- Up-to-date symlink: /home/kun/ros2_ws/install/lidar_odometry/share/ament_index/resource_index/package_run_dependencies/lidar_odometry
[13.009s] -- Up-to-date symlink: /home/kun/ros2_ws/install/lidar_odometry/share/ament_index/resource_index/parent_prefix_path/lidar_odometry
[13.010s] -- Up-to-date symlink: /home/kun/ros2_ws/install/lidar_odometry/share/lidar_odometry/environment/ament_prefix_path.sh
[13.010s] -- Up-to-date symlink: /home/kun/ros2_ws/install/lidar_odometry/share/lidar_odometry/environment/ament_prefix_path.dsv
[13.010s] -- Up-to-date symlink: /home/kun/ros2_ws/install/lidar_odometry/share/lidar_odometry/environment/path.sh
[13.010s] -- Up-to-date symlink: /home/kun/ros2_ws/install/lidar_odometry/share/lidar_odometry/environment/path.dsv
[13.010s] -- Up-to-date symlink: /home/kun/ros2_ws/install/lidar_odometry/share/lidar_odometry/local_setup.bash
[13.010s] -- Up-to-date symlink: /home/kun/ros2_ws/install/lidar_odometry/share/lidar_odometry/local_setup.sh
[13.010s] -- Up-to-date symlink: /home/kun/ros2_ws/install/lidar_odometry/share/lidar_odometry/local_setup.zsh
[13.010s] -- Up-to-date symlink: /home/kun/ros2_ws/install/lidar_odometry/share/lidar_odometry/local_setup.dsv
[13.010s] -- Symlinking: /home/kun/ros2_ws/install/lidar_odometry/share/lidar_odometry/package.dsv
[13.019s] -- Up-to-date symlink: /home/kun/ros2_ws/install/lidar_odometry/share/ament_index/resource_index/packages/lidar_odometry
[13.019s] -- Up-to-date symlink: /home/kun/ros2_ws/install/lidar_odometry/share/lidar_odometry/cmake/lidar_odometryConfig.cmake
[13.019s] -- Up-to-date symlink: /home/kun/ros2_ws/install/lidar_odometry/share/lidar_odometry/cmake/lidar_odometryConfig-version.cmake
[13.019s] -- Up-to-date symlink: /home/kun/ros2_ws/install/lidar_odometry/share/lidar_odometry/package.xml
[13.020s] Invoked command in '/home/kun/ros2_ws/build/lidar_odometry' returned '0': CMAKE_PREFIX_PATH=${CMAKE_PREFIX_PATH}:/opt/ros/humble /usr/bin/cmake --install /home/kun/ros2_ws/build/lidar_odometry
