[0.058s] DEBUG:colcon:Command line arguments: ['/usr/bin/colcon', 'build', '--symlink-install']
[0.059s] DEBUG:colcon:Parsed command line arguments: Namespace(log_base=None, log_level=None, verb_name='build', build_base='build', install_base='install', merge_install=False, symlink_install=True, test_result_base=None, continue_on_error=False, executor='parallel', parallel_workers=12, event_handlers=None, ignore_user_meta=False, metas=['./colcon.meta'], base_paths=['.'], packages_ignore=None, packages_ignore_regex=None, paths=None, packages_up_to=None, packages_up_to_regex=None, packages_above=None, packages_above_and_dependencies=None, packages_above_depth=None, packages_select_by_dep=None, packages_skip_by_dep=None, packages_skip_up_to=None, packages_select_build_failed=False, packages_skip_build_finished=False, packages_select_test_failures=False, packages_skip_test_passed=False, packages_select=None, packages_skip=None, packages_select_regex=None, packages_skip_regex=None, packages_start=None, packages_end=None, allow_overriding=[], cmake_args=None, cmake_target=None, cmake_target_skip_unavailable=False, cmake_clean_cache=False, cmake_clean_first=False, cmake_force_configure=False, ament_cmake_args=None, catkin_cmake_args=None, catkin_skip_building_tests=False, verb_parser=<colcon_defaults.argument_parser.defaults.DefaultArgumentsDecorator object at 0x795ff8a65930>, verb_extension=<colcon_core.verb.build.BuildVerb object at 0x795ff8a653f0>, main=<bound method BuildVerb.main of <colcon_core.verb.build.BuildVerb object at 0x795ff8a653f0>>)
[0.144s] Level 1:colcon.colcon_core.package_discovery:discover_packages(colcon_meta) check parameters
[0.144s] Level 1:colcon.colcon_core.package_discovery:discover_packages(recursive) check parameters
[0.144s] Level 1:colcon.colcon_core.package_discovery:discover_packages(ignore) check parameters
[0.144s] Level 1:colcon.colcon_core.package_discovery:discover_packages(path) check parameters
[0.144s] Level 1:colcon.colcon_core.package_discovery:discover_packages(colcon_meta) discover
[0.144s] Level 1:colcon.colcon_core.package_discovery:discover_packages(recursive) discover
[0.144s] INFO:colcon.colcon_core.package_discovery:Crawling recursively for packages in '/home/kun/ros2_ws'
[0.144s] Level 1:colcon.colcon_core.package_identification:_identify(.) by extensions ['ignore', 'ignore_ament_install']
[0.144s] Level 1:colcon.colcon_core.package_identification:_identify(.) by extension 'ignore'
[0.144s] Level 1:colcon.colcon_core.package_identification:_identify(.) by extension 'ignore_ament_install'
[0.144s] Level 1:colcon.colcon_core.package_identification:_identify(.) by extensions ['colcon_pkg']
[0.144s] Level 1:colcon.colcon_core.package_identification:_identify(.) by extension 'colcon_pkg'
[0.144s] Level 1:colcon.colcon_core.package_identification:_identify(.) by extensions ['colcon_meta']
[0.144s] Level 1:colcon.colcon_core.package_identification:_identify(.) by extension 'colcon_meta'
[0.144s] Level 1:colcon.colcon_core.package_identification:_identify(.) by extensions ['ros']
[0.144s] Level 1:colcon.colcon_core.package_identification:_identify(.) by extension 'ros'
[0.151s] Level 1:colcon.colcon_core.package_identification:_identify(.) by extensions ['cmake', 'python']
[0.151s] Level 1:colcon.colcon_core.package_identification:_identify(.) by extension 'cmake'
[0.151s] Level 1:colcon.colcon_core.package_identification:_identify(.) by extension 'python'
[0.151s] Level 1:colcon.colcon_core.package_identification:_identify(.) by extensions ['python_setup_py']
[0.151s] Level 1:colcon.colcon_core.package_identification:_identify(.) by extension 'python_setup_py'
[0.151s] Level 1:colcon.colcon_core.package_identification:_identify(build) by extensions ['ignore', 'ignore_ament_install']
[0.151s] Level 1:colcon.colcon_core.package_identification:_identify(build) by extension 'ignore'
[0.151s] Level 1:colcon.colcon_core.package_identification:_identify(build) ignored
[0.151s] Level 1:colcon.colcon_core.package_identification:_identify(install) by extensions ['ignore', 'ignore_ament_install']
[0.151s] Level 1:colcon.colcon_core.package_identification:_identify(install) by extension 'ignore'
[0.151s] Level 1:colcon.colcon_core.package_identification:_identify(install) ignored
[0.151s] Level 1:colcon.colcon_core.package_identification:_identify(log) by extensions ['ignore', 'ignore_ament_install']
[0.151s] Level 1:colcon.colcon_core.package_identification:_identify(log) by extension 'ignore'
[0.151s] Level 1:colcon.colcon_core.package_identification:_identify(log) ignored
[0.151s] Level 1:colcon.colcon_core.package_identification:_identify(src) by extensions ['ignore', 'ignore_ament_install']
[0.151s] Level 1:colcon.colcon_core.package_identification:_identify(src) by extension 'ignore'
[0.151s] Level 1:colcon.colcon_core.package_identification:_identify(src) by extension 'ignore_ament_install'
[0.151s] Level 1:colcon.colcon_core.package_identification:_identify(src) by extensions ['colcon_pkg']
[0.151s] Level 1:colcon.colcon_core.package_identification:_identify(src) by extension 'colcon_pkg'
[0.151s] Level 1:colcon.colcon_core.package_identification:_identify(src) by extensions ['colcon_meta']
[0.151s] Level 1:colcon.colcon_core.package_identification:_identify(src) by extension 'colcon_meta'
[0.151s] Level 1:colcon.colcon_core.package_identification:_identify(src) by extensions ['ros']
[0.151s] Level 1:colcon.colcon_core.package_identification:_identify(src) by extension 'ros'
[0.151s] Level 1:colcon.colcon_core.package_identification:_identify(src) by extensions ['cmake', 'python']
[0.151s] Level 1:colcon.colcon_core.package_identification:_identify(src) by extension 'cmake'
[0.151s] Level 1:colcon.colcon_core.package_identification:_identify(src) by extension 'python'
[0.151s] Level 1:colcon.colcon_core.package_identification:_identify(src) by extensions ['python_setup_py']
[0.151s] Level 1:colcon.colcon_core.package_identification:_identify(src) by extension 'python_setup_py'
[0.151s] Level 1:colcon.colcon_core.package_identification:_identify(src/Simple-2D-LiDAR-Odometry) by extensions ['ignore', 'ignore_ament_install']
[0.151s] Level 1:colcon.colcon_core.package_identification:_identify(src/Simple-2D-LiDAR-Odometry) by extension 'ignore'
[0.151s] Level 1:colcon.colcon_core.package_identification:_identify(src/Simple-2D-LiDAR-Odometry) by extension 'ignore_ament_install'
[0.151s] Level 1:colcon.colcon_core.package_identification:_identify(src/Simple-2D-LiDAR-Odometry) by extensions ['colcon_pkg']
[0.151s] Level 1:colcon.colcon_core.package_identification:_identify(src/Simple-2D-LiDAR-Odometry) by extension 'colcon_pkg'
[0.151s] Level 1:colcon.colcon_core.package_identification:_identify(src/Simple-2D-LiDAR-Odometry) by extensions ['colcon_meta']
[0.151s] Level 1:colcon.colcon_core.package_identification:_identify(src/Simple-2D-LiDAR-Odometry) by extension 'colcon_meta'
[0.151s] Level 1:colcon.colcon_core.package_identification:_identify(src/Simple-2D-LiDAR-Odometry) by extensions ['ros']
[0.151s] Level 1:colcon.colcon_core.package_identification:_identify(src/Simple-2D-LiDAR-Odometry) by extension 'ros'
[0.153s] DEBUG:colcon.colcon_core.package_identification:Package 'src/Simple-2D-LiDAR-Odometry' with type 'ros.ament_cmake' and name 'lidar_odometry'
[0.153s] Level 1:colcon.colcon_core.package_discovery:discover_packages(recursive) using defaults
[0.153s] Level 1:colcon.colcon_core.package_discovery:discover_packages(ignore) discover
[0.153s] Level 1:colcon.colcon_core.package_discovery:discover_packages(ignore) using defaults
[0.153s] Level 1:colcon.colcon_core.package_discovery:discover_packages(path) discover
[0.153s] Level 1:colcon.colcon_core.package_discovery:discover_packages(path) using defaults
[0.171s] Level 1:colcon.colcon_core.package_discovery:discover_packages(prefix_path) check parameters
[0.171s] Level 1:colcon.colcon_core.package_discovery:discover_packages(prefix_path) discover
[0.172s] WARNING:colcon.colcon_core.prefix_path.colcon:The path '/home/kun/pureslam_ros2_ws/install' in the environment variable COLCON_PREFIX_PATH doesn't exist
[0.172s] WARNING:colcon.colcon_ros.prefix_path.ament:The path '/home/kun/ros2_ws/install/lidar_odometry' in the environment variable AMENT_PREFIX_PATH doesn't exist
[0.172s] WARNING:colcon.colcon_ros.prefix_path.ament:The path '/home/kun/pureslam_ros2_ws/install/serial' in the environment variable AMENT_PREFIX_PATH doesn't exist
[0.172s] WARNING:colcon.colcon_ros.prefix_path.ament:The path '/home/kun/pureslam_ros2_ws/install/pure_lidarslam_toolkit' in the environment variable AMENT_PREFIX_PATH doesn't exist
[0.172s] WARNING:colcon.colcon_ros.prefix_path.ament:The path '/home/kun/pureslam_ros2_ws/install/openslam_gmapping' in the environment variable AMENT_PREFIX_PATH doesn't exist
[0.172s] WARNING:colcon.colcon_ros.prefix_path.ament:The path '/home/kun/pureslam_ros2_ws/install/neuronbot2_slam' in the environment variable AMENT_PREFIX_PATH doesn't exist
[0.172s] WARNING:colcon.colcon_ros.prefix_path.ament:The path '/home/kun/pureslam_ros2_ws/install/neuronbot2_nav' in the environment variable AMENT_PREFIX_PATH doesn't exist
[0.172s] WARNING:colcon.colcon_ros.prefix_path.ament:The path '/home/kun/pureslam_ros2_ws/install/neuronbot2_led' in the environment variable AMENT_PREFIX_PATH doesn't exist
[0.172s] WARNING:colcon.colcon_ros.prefix_path.ament:The path '/home/kun/pureslam_ros2_ws/install/neuronbot2_gazebo' in the environment variable AMENT_PREFIX_PATH doesn't exist
[0.172s] WARNING:colcon.colcon_ros.prefix_path.ament:The path '/home/kun/pureslam_ros2_ws/install/neuronbot2_description' in the environment variable AMENT_PREFIX_PATH doesn't exist
[0.172s] WARNING:colcon.colcon_ros.prefix_path.ament:The path '/home/kun/pureslam_ros2_ws/install/map2gazebo' in the environment variable AMENT_PREFIX_PATH doesn't exist
[0.172s] WARNING:colcon.colcon_ros.prefix_path.catkin:The path '/home/kun/ros2_ws/install/lidar_odometry' in the environment variable CMAKE_PREFIX_PATH doesn't exist
[0.172s] WARNING:colcon.colcon_ros.prefix_path.catkin:The path '/home/kun/pureslam_ros2_ws/install/serial' in the environment variable CMAKE_PREFIX_PATH doesn't exist
[0.172s] WARNING:colcon.colcon_ros.prefix_path.catkin:The path '/home/kun/pureslam_ros2_ws/install/pure_lidarslam_toolkit' in the environment variable CMAKE_PREFIX_PATH doesn't exist
[0.172s] WARNING:colcon.colcon_ros.prefix_path.catkin:The path '/home/kun/pureslam_ros2_ws/install/openslam_gmapping' in the environment variable CMAKE_PREFIX_PATH doesn't exist
[0.172s] WARNING:colcon.colcon_ros.prefix_path.catkin:The path '/home/kun/pureslam_ros2_ws/install/neuronbot2_slam' in the environment variable CMAKE_PREFIX_PATH doesn't exist
[0.172s] WARNING:colcon.colcon_ros.prefix_path.catkin:The path '/home/kun/pureslam_ros2_ws/install/neuronbot2_nav' in the environment variable CMAKE_PREFIX_PATH doesn't exist
[0.172s] WARNING:colcon.colcon_ros.prefix_path.catkin:The path '/home/kun/pureslam_ros2_ws/install/neuronbot2_gazebo' in the environment variable CMAKE_PREFIX_PATH doesn't exist
[0.172s] WARNING:colcon.colcon_ros.prefix_path.catkin:The path '/home/kun/pureslam_ros2_ws/install/neuronbot2_description' in the environment variable CMAKE_PREFIX_PATH doesn't exist
[0.172s] DEBUG:colcon.colcon_installed_package_information.package_discovery:Found 0 installed packages in /home/kun/ros2_ws/install
[0.173s] DEBUG:colcon.colcon_installed_package_information.package_discovery:Found 396 installed packages in /opt/ros/humble
[0.174s] Level 1:colcon.colcon_core.package_discovery:discover_packages(prefix_path) using defaults
[0.198s] Level 5:colcon.colcon_core.verb:set package 'lidar_odometry' build argument 'cmake_args' from command line to 'None'
[0.198s] Level 5:colcon.colcon_core.verb:set package 'lidar_odometry' build argument 'cmake_target' from command line to 'None'
[0.198s] Level 5:colcon.colcon_core.verb:set package 'lidar_odometry' build argument 'cmake_target_skip_unavailable' from command line to 'False'
[0.198s] Level 5:colcon.colcon_core.verb:set package 'lidar_odometry' build argument 'cmake_clean_cache' from command line to 'False'
[0.198s] Level 5:colcon.colcon_core.verb:set package 'lidar_odometry' build argument 'cmake_clean_first' from command line to 'False'
[0.198s] Level 5:colcon.colcon_core.verb:set package 'lidar_odometry' build argument 'cmake_force_configure' from command line to 'False'
[0.198s] Level 5:colcon.colcon_core.verb:set package 'lidar_odometry' build argument 'ament_cmake_args' from command line to 'None'
[0.198s] Level 5:colcon.colcon_core.verb:set package 'lidar_odometry' build argument 'catkin_cmake_args' from command line to 'None'
[0.198s] Level 5:colcon.colcon_core.verb:set package 'lidar_odometry' build argument 'catkin_skip_building_tests' from command line to 'False'
[0.198s] DEBUG:colcon.colcon_core.verb:Building package 'lidar_odometry' with the following arguments: {'ament_cmake_args': None, 'build_base': '/home/kun/ros2_ws/build/lidar_odometry', 'catkin_cmake_args': None, 'catkin_skip_building_tests': False, 'cmake_args': None, 'cmake_clean_cache': False, 'cmake_clean_first': False, 'cmake_force_configure': False, 'cmake_target': None, 'cmake_target_skip_unavailable': False, 'install_base': '/home/kun/ros2_ws/install/lidar_odometry', 'merge_install': False, 'path': '/home/kun/ros2_ws/src/Simple-2D-LiDAR-Odometry', 'symlink_install': True, 'test_result_base': None}
[0.198s] INFO:colcon.colcon_core.executor:Executing jobs using 'parallel' executor
[0.199s] DEBUG:colcon.colcon_parallel_executor.executor.parallel:run_until_complete
[0.199s] INFO:colcon.colcon_ros.task.ament_cmake.build:Building ROS package in '/home/kun/ros2_ws/src/Simple-2D-LiDAR-Odometry' with build type 'ament_cmake'
[0.199s] INFO:colcon.colcon_cmake.task.cmake.build:Building CMake package in '/home/kun/ros2_ws/src/Simple-2D-LiDAR-Odometry'
[0.201s] INFO:colcon.colcon_core.plugin_system:Skipping extension 'colcon_core.shell.bat': Not used on non-Windows systems
[0.201s] INFO:colcon.colcon_core.shell:Skip shell extension 'powershell' for command environment: Not usable outside of PowerShell
[0.201s] DEBUG:colcon.colcon_core.shell:Skip shell extension 'dsv' for command environment
[0.207s] DEBUG:colcon.colcon_core.event_handler.log_command:Invoking command in '/home/kun/ros2_ws/build/lidar_odometry': CMAKE_PREFIX_PATH=${CMAKE_PREFIX_PATH}:/home/kun/pureslam_ros2_ws/install/neuronbot2_led:/home/kun/pureslam_ros2_ws/install/map2gazebo:/opt/ros/humble /usr/bin/cmake /home/kun/ros2_ws/src/Simple-2D-LiDAR-Odometry -DAMENT_CMAKE_SYMLINK_INSTALL=1 -DCMAKE_INSTALL_PREFIX=/home/kun/ros2_ws/install/lidar_odometry
[2.454s] DEBUG:colcon.colcon_core.event_handler.log_command:Invoked command in '/home/kun/ros2_ws/build/lidar_odometry' returned '0': CMAKE_PREFIX_PATH=${CMAKE_PREFIX_PATH}:/home/kun/pureslam_ros2_ws/install/neuronbot2_led:/home/kun/pureslam_ros2_ws/install/map2gazebo:/opt/ros/humble /usr/bin/cmake /home/kun/ros2_ws/src/Simple-2D-LiDAR-Odometry -DAMENT_CMAKE_SYMLINK_INSTALL=1 -DCMAKE_INSTALL_PREFIX=/home/kun/ros2_ws/install/lidar_odometry
[2.455s] DEBUG:colcon.colcon_core.event_handler.log_command:Invoking command in '/home/kun/ros2_ws/build/lidar_odometry': CMAKE_PREFIX_PATH=${CMAKE_PREFIX_PATH}:/home/kun/pureslam_ros2_ws/install/neuronbot2_led:/home/kun/pureslam_ros2_ws/install/map2gazebo:/opt/ros/humble /usr/bin/cmake --build /home/kun/ros2_ws/build/lidar_odometry -- -j12 -l12
[14.770s] DEBUG:colcon.colcon_core.event_handler.log_command:Invoked command in '/home/kun/ros2_ws/build/lidar_odometry' returned '0': CMAKE_PREFIX_PATH=${CMAKE_PREFIX_PATH}:/home/kun/pureslam_ros2_ws/install/neuronbot2_led:/home/kun/pureslam_ros2_ws/install/map2gazebo:/opt/ros/humble /usr/bin/cmake --build /home/kun/ros2_ws/build/lidar_odometry -- -j12 -l12
[14.777s] DEBUG:colcon.colcon_core.event_handler.log_command:Invoking command in '/home/kun/ros2_ws/build/lidar_odometry': CMAKE_PREFIX_PATH=${CMAKE_PREFIX_PATH}:/home/kun/pureslam_ros2_ws/install/neuronbot2_led:/home/kun/pureslam_ros2_ws/install/map2gazebo:/opt/ros/humble /usr/bin/cmake --install /home/kun/ros2_ws/build/lidar_odometry
[14.911s] Level 1:colcon.colcon_core.environment:create_environment_scripts_only(lidar_odometry)
[14.911s] DEBUG:colcon.colcon_core.event_handler.log_command:Invoked command in '/home/kun/ros2_ws/build/lidar_odometry' returned '0': CMAKE_PREFIX_PATH=${CMAKE_PREFIX_PATH}:/home/kun/pureslam_ros2_ws/install/neuronbot2_led:/home/kun/pureslam_ros2_ws/install/map2gazebo:/opt/ros/humble /usr/bin/cmake --install /home/kun/ros2_ws/build/lidar_odometry
[14.912s] Level 1:colcon.colcon_core.environment:checking '/home/kun/ros2_ws/install/lidar_odometry' for CMake module files
[14.913s] Level 1:colcon.colcon_core.environment:checking '/home/kun/ros2_ws/install/lidar_odometry' for CMake config files
[14.913s] Level 1:colcon.colcon_core.shell:create_environment_hook('lidar_odometry', 'cmake_prefix_path')
[14.913s] INFO:colcon.colcon_core.shell:Creating environment hook '/home/kun/ros2_ws/install/lidar_odometry/share/lidar_odometry/hook/cmake_prefix_path.ps1'
[14.913s] INFO:colcon.colcon_core.shell:Creating environment descriptor '/home/kun/ros2_ws/install/lidar_odometry/share/lidar_odometry/hook/cmake_prefix_path.dsv'
[14.913s] INFO:colcon.colcon_core.shell:Creating environment hook '/home/kun/ros2_ws/install/lidar_odometry/share/lidar_odometry/hook/cmake_prefix_path.sh'
[14.914s] Level 1:colcon.colcon_core.environment:checking '/home/kun/ros2_ws/install/lidar_odometry/lib'
[14.914s] Level 1:colcon.colcon_core.environment:checking '/home/kun/ros2_ws/install/lidar_odometry/bin'
[14.914s] Level 1:colcon.colcon_core.environment:checking '/home/kun/ros2_ws/install/lidar_odometry/lib/pkgconfig/lidar_odometry.pc'
[14.914s] Level 1:colcon.colcon_core.environment:checking '/home/kun/ros2_ws/install/lidar_odometry/lib/python3.10/site-packages'
[14.914s] Level 1:colcon.colcon_core.environment:checking '/home/kun/ros2_ws/install/lidar_odometry/bin'
[14.914s] INFO:colcon.colcon_core.shell:Creating package script '/home/kun/ros2_ws/install/lidar_odometry/share/lidar_odometry/package.ps1'
[14.915s] INFO:colcon.colcon_core.shell:Creating package descriptor '/home/kun/ros2_ws/install/lidar_odometry/share/lidar_odometry/package.dsv'
[14.915s] INFO:colcon.colcon_core.shell:Creating package script '/home/kun/ros2_ws/install/lidar_odometry/share/lidar_odometry/package.sh'
[14.915s] INFO:colcon.colcon_core.shell:Creating package script '/home/kun/ros2_ws/install/lidar_odometry/share/lidar_odometry/package.bash'
[14.916s] INFO:colcon.colcon_core.shell:Creating package script '/home/kun/ros2_ws/install/lidar_odometry/share/lidar_odometry/package.zsh'
[14.916s] Level 1:colcon.colcon_core.environment:create_file_with_runtime_dependencies(/home/kun/ros2_ws/install/lidar_odometry/share/colcon-core/packages/lidar_odometry)
[14.916s] Level 1:colcon.colcon_core.environment:create_environment_scripts_only(lidar_odometry)
[14.916s] Level 1:colcon.colcon_core.environment:checking '/home/kun/ros2_ws/install/lidar_odometry' for CMake module files
[14.917s] Level 1:colcon.colcon_core.environment:checking '/home/kun/ros2_ws/install/lidar_odometry' for CMake config files
[14.917s] Level 1:colcon.colcon_core.shell:create_environment_hook('lidar_odometry', 'cmake_prefix_path')
[14.917s] INFO:colcon.colcon_core.shell:Creating environment hook '/home/kun/ros2_ws/install/lidar_odometry/share/lidar_odometry/hook/cmake_prefix_path.ps1'
[14.917s] INFO:colcon.colcon_core.shell:Creating environment descriptor '/home/kun/ros2_ws/install/lidar_odometry/share/lidar_odometry/hook/cmake_prefix_path.dsv'
[14.917s] INFO:colcon.colcon_core.shell:Creating environment hook '/home/kun/ros2_ws/install/lidar_odometry/share/lidar_odometry/hook/cmake_prefix_path.sh'
[14.917s] Level 1:colcon.colcon_core.environment:checking '/home/kun/ros2_ws/install/lidar_odometry/lib'
[14.918s] Level 1:colcon.colcon_core.environment:checking '/home/kun/ros2_ws/install/lidar_odometry/bin'
[14.918s] Level 1:colcon.colcon_core.environment:checking '/home/kun/ros2_ws/install/lidar_odometry/lib/pkgconfig/lidar_odometry.pc'
[14.918s] Level 1:colcon.colcon_core.environment:checking '/home/kun/ros2_ws/install/lidar_odometry/lib/python3.10/site-packages'
[14.918s] Level 1:colcon.colcon_core.environment:checking '/home/kun/ros2_ws/install/lidar_odometry/bin'
[14.918s] INFO:colcon.colcon_core.shell:Creating package script '/home/kun/ros2_ws/install/lidar_odometry/share/lidar_odometry/package.ps1'
[14.918s] INFO:colcon.colcon_core.shell:Creating package descriptor '/home/kun/ros2_ws/install/lidar_odometry/share/lidar_odometry/package.dsv'
[14.918s] INFO:colcon.colcon_core.shell:Creating package script '/home/kun/ros2_ws/install/lidar_odometry/share/lidar_odometry/package.sh'
[14.919s] INFO:colcon.colcon_core.shell:Creating package script '/home/kun/ros2_ws/install/lidar_odometry/share/lidar_odometry/package.bash'
[14.919s] INFO:colcon.colcon_core.shell:Creating package script '/home/kun/ros2_ws/install/lidar_odometry/share/lidar_odometry/package.zsh'
[14.919s] Level 1:colcon.colcon_core.environment:create_file_with_runtime_dependencies(/home/kun/ros2_ws/install/lidar_odometry/share/colcon-core/packages/lidar_odometry)
[14.919s] DEBUG:colcon.colcon_parallel_executor.executor.parallel:closing loop
[14.919s] DEBUG:colcon.colcon_parallel_executor.executor.parallel:loop closed
[14.919s] DEBUG:colcon.colcon_parallel_executor.executor.parallel:run_until_complete finished with '0'
[14.919s] DEBUG:colcon.colcon_core.event_reactor:joining thread
[14.922s] INFO:colcon.colcon_core.plugin_system:Skipping extension 'colcon_notification.desktop_notification.terminal_notifier': Not used on non-Darwin systems
[14.922s] INFO:colcon.colcon_core.plugin_system:Skipping extension 'colcon_notification.desktop_notification.win32': Not used on non-Windows systems
[14.922s] INFO:colcon.colcon_notification.desktop_notification:Sending desktop notification using 'notify2'
[14.935s] DEBUG:colcon.colcon_core.event_reactor:joined thread
[14.936s] INFO:colcon.colcon_core.shell:Creating prefix script '/home/kun/ros2_ws/install/local_setup.ps1'
[14.936s] INFO:colcon.colcon_core.shell:Creating prefix util module '/home/kun/ros2_ws/install/_local_setup_util_ps1.py'
[14.938s] INFO:colcon.colcon_core.shell:Creating prefix chain script '/home/kun/ros2_ws/install/setup.ps1'
[14.939s] INFO:colcon.colcon_core.shell:Creating prefix script '/home/kun/ros2_ws/install/local_setup.sh'
[14.939s] INFO:colcon.colcon_core.shell:Creating prefix util module '/home/kun/ros2_ws/install/_local_setup_util_sh.py'
[14.939s] INFO:colcon.colcon_core.shell:Creating prefix chain script '/home/kun/ros2_ws/install/setup.sh'
[14.940s] INFO:colcon.colcon_core.shell:Creating prefix script '/home/kun/ros2_ws/install/local_setup.bash'
[14.940s] INFO:colcon.colcon_core.shell:Creating prefix chain script '/home/kun/ros2_ws/install/setup.bash'
[14.941s] INFO:colcon.colcon_core.shell:Creating prefix script '/home/kun/ros2_ws/install/local_setup.zsh'
[14.941s] INFO:colcon.colcon_core.shell:Creating prefix chain script '/home/kun/ros2_ws/install/setup.zsh'
