[35m[1mConsolidate compiler generated dependencies of target lidar_odometry_node[0m
[ 33%] [32mBuilding CXX object CMakeFiles/lidar_odometry_node.dir/src/lidar_odometry_node.cpp.o[0m
[ 66%] [32m[1mLinking CXX executable lidar_odometry_node[0m
[100%] Built target lidar_odometry_node
-- Install configuration: ""
-- Execute custom install script
-- Up-to-date symlink: /home/kun/ros2_ws/install/lidar_odometry/lib/lidar_odometry/lidar_odometry_node
-- Up-to-date symlink: /home/kun/ros2_ws/install/lidar_odometry/share/ament_index/resource_index/package_run_dependencies/lidar_odometry
-- Up-to-date symlink: /home/kun/ros2_ws/install/lidar_odometry/share/ament_index/resource_index/parent_prefix_path/lidar_odometry
-- Up-to-date symlink: /home/kun/ros2_ws/install/lidar_odometry/share/lidar_odometry/environment/ament_prefix_path.sh
-- Up-to-date symlink: /home/kun/ros2_ws/install/lidar_odometry/share/lidar_odometry/environment/ament_prefix_path.dsv
-- Up-to-date symlink: /home/kun/ros2_ws/install/lidar_odometry/share/lidar_odometry/environment/path.sh
-- Up-to-date symlink: /home/kun/ros2_ws/install/lidar_odometry/share/lidar_odometry/environment/path.dsv
-- Up-to-date symlink: /home/kun/ros2_ws/install/lidar_odometry/share/lidar_odometry/local_setup.bash
-- Up-to-date symlink: /home/kun/ros2_ws/install/lidar_odometry/share/lidar_odometry/local_setup.sh
-- Up-to-date symlink: /home/kun/ros2_ws/install/lidar_odometry/share/lidar_odometry/local_setup.zsh
-- Up-to-date symlink: /home/kun/ros2_ws/install/lidar_odometry/share/lidar_odometry/local_setup.dsv
-- Symlinking: /home/kun/ros2_ws/install/lidar_odometry/share/lidar_odometry/package.dsv
-- Up-to-date symlink: /home/kun/ros2_ws/install/lidar_odometry/share/ament_index/resource_index/packages/lidar_odometry
-- Up-to-date symlink: /home/kun/ros2_ws/install/lidar_odometry/share/lidar_odometry/cmake/lidar_odometryConfig.cmake
-- Up-to-date symlink: /home/kun/ros2_ws/install/lidar_odometry/share/lidar_odometry/cmake/lidar_odometryConfig-version.cmake
-- Up-to-date symlink: /home/kun/ros2_ws/install/lidar_odometry/share/lidar_odometry/package.xml
