[0.086s] DEBUG:colcon:Command line arguments: ['/usr/bin/colcon', 'build', '--symlink-install']
[0.086s] DEBUG:colcon:Parsed command line arguments: Namespace(log_base=None, log_level=None, verb_name='build', build_base='build', install_base='install', merge_install=False, symlink_install=True, test_result_base=None, continue_on_error=False, executor='parallel', parallel_workers=12, event_handlers=None, ignore_user_meta=False, metas=['./colcon.meta'], base_paths=['.'], packages_ignore=None, packages_ignore_regex=None, paths=None, packages_up_to=None, packages_up_to_regex=None, packages_above=None, packages_above_and_dependencies=None, packages_above_depth=None, packages_select_by_dep=None, packages_skip_by_dep=None, packages_skip_up_to=None, packages_select_build_failed=False, packages_skip_build_finished=False, packages_select_test_failures=False, packages_skip_test_passed=False, packages_select=None, packages_skip=None, packages_select_regex=None, packages_skip_regex=None, packages_start=None, packages_end=None, allow_overriding=[], cmake_args=None, cmake_target=None, cmake_target_skip_unavailable=False, cmake_clean_cache=False, cmake_clean_first=False, cmake_force_configure=False, ament_cmake_args=None, catkin_cmake_args=None, catkin_skip_building_tests=False, verb_parser=<colcon_defaults.argument_parser.defaults.DefaultArgumentsDecorator object at 0x7d2486051930>, verb_extension=<colcon_core.verb.build.BuildVerb object at 0x7d24860513f0>, main=<bound method BuildVerb.main of <colcon_core.verb.build.BuildVerb object at 0x7d24860513f0>>)
[0.207s] Level 1:colcon.colcon_core.package_discovery:discover_packages(colcon_meta) check parameters
[0.207s] Level 1:colcon.colcon_core.package_discovery:discover_packages(recursive) check parameters
[0.207s] Level 1:colcon.colcon_core.package_discovery:discover_packages(ignore) check parameters
[0.207s] Level 1:colcon.colcon_core.package_discovery:discover_packages(path) check parameters
[0.207s] Level 1:colcon.colcon_core.package_discovery:discover_packages(colcon_meta) discover
[0.207s] Level 1:colcon.colcon_core.package_discovery:discover_packages(recursive) discover
[0.208s] INFO:colcon.colcon_core.package_discovery:Crawling recursively for packages in '/home/kun/ros2_ws'
[0.208s] Level 1:colcon.colcon_core.package_identification:_identify(.) by extensions ['ignore', 'ignore_ament_install']
[0.208s] Level 1:colcon.colcon_core.package_identification:_identify(.) by extension 'ignore'
[0.208s] Level 1:colcon.colcon_core.package_identification:_identify(.) by extension 'ignore_ament_install'
[0.208s] Level 1:colcon.colcon_core.package_identification:_identify(.) by extensions ['colcon_pkg']
[0.208s] Level 1:colcon.colcon_core.package_identification:_identify(.) by extension 'colcon_pkg'
[0.208s] Level 1:colcon.colcon_core.package_identification:_identify(.) by extensions ['colcon_meta']
[0.208s] Level 1:colcon.colcon_core.package_identification:_identify(.) by extension 'colcon_meta'
[0.208s] Level 1:colcon.colcon_core.package_identification:_identify(.) by extensions ['ros']
[0.208s] Level 1:colcon.colcon_core.package_identification:_identify(.) by extension 'ros'
[0.214s] Level 1:colcon.colcon_core.package_identification:_identify(.) by extensions ['cmake', 'python']
[0.214s] Level 1:colcon.colcon_core.package_identification:_identify(.) by extension 'cmake'
[0.214s] Level 1:colcon.colcon_core.package_identification:_identify(.) by extension 'python'
[0.214s] Level 1:colcon.colcon_core.package_identification:_identify(.) by extensions ['python_setup_py']
[0.214s] Level 1:colcon.colcon_core.package_identification:_identify(.) by extension 'python_setup_py'
[0.214s] Level 1:colcon.colcon_core.package_identification:_identify(build) by extensions ['ignore', 'ignore_ament_install']
[0.214s] Level 1:colcon.colcon_core.package_identification:_identify(build) by extension 'ignore'
[0.214s] Level 1:colcon.colcon_core.package_identification:_identify(build) ignored
[0.214s] Level 1:colcon.colcon_core.package_identification:_identify(install) by extensions ['ignore', 'ignore_ament_install']
[0.214s] Level 1:colcon.colcon_core.package_identification:_identify(install) by extension 'ignore'
[0.214s] Level 1:colcon.colcon_core.package_identification:_identify(install) ignored
[0.215s] Level 1:colcon.colcon_core.package_identification:_identify(log) by extensions ['ignore', 'ignore_ament_install']
[0.215s] Level 1:colcon.colcon_core.package_identification:_identify(log) by extension 'ignore'
[0.215s] Level 1:colcon.colcon_core.package_identification:_identify(log) ignored
[0.215s] Level 1:colcon.colcon_core.package_identification:_identify(src) by extensions ['ignore', 'ignore_ament_install']
[0.215s] Level 1:colcon.colcon_core.package_identification:_identify(src) by extension 'ignore'
[0.215s] Level 1:colcon.colcon_core.package_identification:_identify(src) by extension 'ignore_ament_install'
[0.215s] Level 1:colcon.colcon_core.package_identification:_identify(src) by extensions ['colcon_pkg']
[0.215s] Level 1:colcon.colcon_core.package_identification:_identify(src) by extension 'colcon_pkg'
[0.215s] Level 1:colcon.colcon_core.package_identification:_identify(src) by extensions ['colcon_meta']
[0.215s] Level 1:colcon.colcon_core.package_identification:_identify(src) by extension 'colcon_meta'
[0.215s] Level 1:colcon.colcon_core.package_identification:_identify(src) by extensions ['ros']
[0.215s] Level 1:colcon.colcon_core.package_identification:_identify(src) by extension 'ros'
[0.215s] Level 1:colcon.colcon_core.package_identification:_identify(src) by extensions ['cmake', 'python']
[0.215s] Level 1:colcon.colcon_core.package_identification:_identify(src) by extension 'cmake'
[0.215s] Level 1:colcon.colcon_core.package_identification:_identify(src) by extension 'python'
[0.215s] Level 1:colcon.colcon_core.package_identification:_identify(src) by extensions ['python_setup_py']
[0.215s] Level 1:colcon.colcon_core.package_identification:_identify(src) by extension 'python_setup_py'
[0.215s] Level 1:colcon.colcon_core.package_identification:_identify(src/Simple-2D-LiDAR-Odometry) by extensions ['ignore', 'ignore_ament_install']
[0.215s] Level 1:colcon.colcon_core.package_identification:_identify(src/Simple-2D-LiDAR-Odometry) by extension 'ignore'
[0.215s] Level 1:colcon.colcon_core.package_identification:_identify(src/Simple-2D-LiDAR-Odometry) by extension 'ignore_ament_install'
[0.215s] Level 1:colcon.colcon_core.package_identification:_identify(src/Simple-2D-LiDAR-Odometry) by extensions ['colcon_pkg']
[0.215s] Level 1:colcon.colcon_core.package_identification:_identify(src/Simple-2D-LiDAR-Odometry) by extension 'colcon_pkg'
[0.215s] Level 1:colcon.colcon_core.package_identification:_identify(src/Simple-2D-LiDAR-Odometry) by extensions ['colcon_meta']
[0.215s] Level 1:colcon.colcon_core.package_identification:_identify(src/Simple-2D-LiDAR-Odometry) by extension 'colcon_meta'
[0.215s] Level 1:colcon.colcon_core.package_identification:_identify(src/Simple-2D-LiDAR-Odometry) by extensions ['ros']
[0.215s] Level 1:colcon.colcon_core.package_identification:_identify(src/Simple-2D-LiDAR-Odometry) by extension 'ros'
[0.218s] DEBUG:colcon.colcon_core.package_identification:Package 'src/Simple-2D-LiDAR-Odometry' with type 'ros.ament_cmake' and name 'lidar_odometry'
[0.218s] Level 1:colcon.colcon_core.package_discovery:discover_packages(recursive) using defaults
[0.218s] Level 1:colcon.colcon_core.package_discovery:discover_packages(ignore) discover
[0.218s] Level 1:colcon.colcon_core.package_discovery:discover_packages(ignore) using defaults
[0.218s] Level 1:colcon.colcon_core.package_discovery:discover_packages(path) discover
[0.218s] Level 1:colcon.colcon_core.package_discovery:discover_packages(path) using defaults
[0.236s] Level 1:colcon.colcon_core.package_discovery:discover_packages(prefix_path) check parameters
[0.236s] Level 1:colcon.colcon_core.package_discovery:discover_packages(prefix_path) discover
[0.237s] DEBUG:colcon.colcon_installed_package_information.package_discovery:Found 1 installed packages in /home/kun/ros2_ws/install
[0.238s] DEBUG:colcon.colcon_installed_package_information.package_discovery:Found 396 installed packages in /opt/ros/humble
[0.239s] Level 1:colcon.colcon_core.package_discovery:discover_packages(prefix_path) using defaults
[0.264s] Level 5:colcon.colcon_core.verb:set package 'lidar_odometry' build argument 'cmake_args' from command line to 'None'
[0.264s] Level 5:colcon.colcon_core.verb:set package 'lidar_odometry' build argument 'cmake_target' from command line to 'None'
[0.264s] Level 5:colcon.colcon_core.verb:set package 'lidar_odometry' build argument 'cmake_target_skip_unavailable' from command line to 'False'
[0.264s] Level 5:colcon.colcon_core.verb:set package 'lidar_odometry' build argument 'cmake_clean_cache' from command line to 'False'
[0.264s] Level 5:colcon.colcon_core.verb:set package 'lidar_odometry' build argument 'cmake_clean_first' from command line to 'False'
[0.264s] Level 5:colcon.colcon_core.verb:set package 'lidar_odometry' build argument 'cmake_force_configure' from command line to 'False'
[0.264s] Level 5:colcon.colcon_core.verb:set package 'lidar_odometry' build argument 'ament_cmake_args' from command line to 'None'
[0.264s] Level 5:colcon.colcon_core.verb:set package 'lidar_odometry' build argument 'catkin_cmake_args' from command line to 'None'
[0.264s] Level 5:colcon.colcon_core.verb:set package 'lidar_odometry' build argument 'catkin_skip_building_tests' from command line to 'False'
[0.264s] DEBUG:colcon.colcon_core.verb:Building package 'lidar_odometry' with the following arguments: {'ament_cmake_args': None, 'build_base': '/home/kun/ros2_ws/build/lidar_odometry', 'catkin_cmake_args': None, 'catkin_skip_building_tests': False, 'cmake_args': None, 'cmake_clean_cache': False, 'cmake_clean_first': False, 'cmake_force_configure': False, 'cmake_target': None, 'cmake_target_skip_unavailable': False, 'install_base': '/home/kun/ros2_ws/install/lidar_odometry', 'merge_install': False, 'path': '/home/kun/ros2_ws/src/Simple-2D-LiDAR-Odometry', 'symlink_install': True, 'test_result_base': None}
[0.264s] INFO:colcon.colcon_core.executor:Executing jobs using 'parallel' executor
[0.265s] DEBUG:colcon.colcon_parallel_executor.executor.parallel:run_until_complete
[0.265s] INFO:colcon.colcon_ros.task.ament_cmake.build:Building ROS package in '/home/kun/ros2_ws/src/Simple-2D-LiDAR-Odometry' with build type 'ament_cmake'
[0.265s] INFO:colcon.colcon_cmake.task.cmake.build:Building CMake package in '/home/kun/ros2_ws/src/Simple-2D-LiDAR-Odometry'
[0.266s] INFO:colcon.colcon_core.plugin_system:Skipping extension 'colcon_core.shell.bat': Not used on non-Windows systems
[0.267s] INFO:colcon.colcon_core.shell:Skip shell extension 'powershell' for command environment: Not usable outside of PowerShell
[0.267s] DEBUG:colcon.colcon_core.shell:Skip shell extension 'dsv' for command environment
[0.274s] DEBUG:colcon.colcon_core.event_handler.log_command:Invoking command in '/home/kun/ros2_ws/build/lidar_odometry': CMAKE_PREFIX_PATH=${CMAKE_PREFIX_PATH}:/opt/ros/humble /usr/bin/cmake --build /home/kun/ros2_ws/build/lidar_odometry -- -j12 -l12
[9.822s] DEBUG:colcon.colcon_core.event_handler.log_command:Invoked command in '/home/kun/ros2_ws/build/lidar_odometry' returned '0': CMAKE_PREFIX_PATH=${CMAKE_PREFIX_PATH}:/opt/ros/humble /usr/bin/cmake --build /home/kun/ros2_ws/build/lidar_odometry -- -j12 -l12
[9.830s] DEBUG:colcon.colcon_core.event_handler.log_command:Invoking command in '/home/kun/ros2_ws/build/lidar_odometry': CMAKE_PREFIX_PATH=${CMAKE_PREFIX_PATH}:/opt/ros/humble /usr/bin/cmake --install /home/kun/ros2_ws/build/lidar_odometry
[9.842s] Level 1:colcon.colcon_core.environment:create_environment_scripts_only(lidar_odometry)
[9.843s] DEBUG:colcon.colcon_core.event_handler.log_command:Invoked command in '/home/kun/ros2_ws/build/lidar_odometry' returned '0': CMAKE_PREFIX_PATH=${CMAKE_PREFIX_PATH}:/opt/ros/humble /usr/bin/cmake --install /home/kun/ros2_ws/build/lidar_odometry
[9.844s] Level 1:colcon.colcon_core.environment:checking '/home/kun/ros2_ws/install/lidar_odometry' for CMake module files
[9.845s] Level 1:colcon.colcon_core.environment:checking '/home/kun/ros2_ws/install/lidar_odometry' for CMake config files
[9.845s] Level 1:colcon.colcon_core.shell:create_environment_hook('lidar_odometry', 'cmake_prefix_path')
[9.845s] INFO:colcon.colcon_core.shell:Creating environment hook '/home/kun/ros2_ws/install/lidar_odometry/share/lidar_odometry/hook/cmake_prefix_path.ps1'
[9.845s] INFO:colcon.colcon_core.shell:Creating environment descriptor '/home/kun/ros2_ws/install/lidar_odometry/share/lidar_odometry/hook/cmake_prefix_path.dsv'
[9.846s] INFO:colcon.colcon_core.shell:Creating environment hook '/home/kun/ros2_ws/install/lidar_odometry/share/lidar_odometry/hook/cmake_prefix_path.sh'
[9.846s] Level 1:colcon.colcon_core.environment:checking '/home/kun/ros2_ws/install/lidar_odometry/lib'
[9.846s] Level 1:colcon.colcon_core.environment:checking '/home/kun/ros2_ws/install/lidar_odometry/bin'
[9.846s] Level 1:colcon.colcon_core.environment:checking '/home/kun/ros2_ws/install/lidar_odometry/lib/pkgconfig/lidar_odometry.pc'
[9.846s] Level 1:colcon.colcon_core.environment:checking '/home/kun/ros2_ws/install/lidar_odometry/lib/python3.10/site-packages'
[9.847s] Level 1:colcon.colcon_core.environment:checking '/home/kun/ros2_ws/install/lidar_odometry/bin'
[9.847s] INFO:colcon.colcon_core.shell:Creating package script '/home/kun/ros2_ws/install/lidar_odometry/share/lidar_odometry/package.ps1'
[9.848s] INFO:colcon.colcon_core.shell:Creating package descriptor '/home/kun/ros2_ws/install/lidar_odometry/share/lidar_odometry/package.dsv'
[9.848s] INFO:colcon.colcon_core.shell:Creating package script '/home/kun/ros2_ws/install/lidar_odometry/share/lidar_odometry/package.sh'
[9.849s] INFO:colcon.colcon_core.shell:Creating package script '/home/kun/ros2_ws/install/lidar_odometry/share/lidar_odometry/package.bash'
[9.850s] INFO:colcon.colcon_core.shell:Creating package script '/home/kun/ros2_ws/install/lidar_odometry/share/lidar_odometry/package.zsh'
[9.850s] Level 1:colcon.colcon_core.environment:create_file_with_runtime_dependencies(/home/kun/ros2_ws/install/lidar_odometry/share/colcon-core/packages/lidar_odometry)
[9.851s] Level 1:colcon.colcon_core.environment:create_environment_scripts_only(lidar_odometry)
[9.851s] Level 1:colcon.colcon_core.environment:checking '/home/kun/ros2_ws/install/lidar_odometry' for CMake module files
[9.851s] Level 1:colcon.colcon_core.environment:checking '/home/kun/ros2_ws/install/lidar_odometry' for CMake config files
[9.852s] Level 1:colcon.colcon_core.shell:create_environment_hook('lidar_odometry', 'cmake_prefix_path')
[9.852s] INFO:colcon.colcon_core.shell:Creating environment hook '/home/kun/ros2_ws/install/lidar_odometry/share/lidar_odometry/hook/cmake_prefix_path.ps1'
[9.852s] INFO:colcon.colcon_core.shell:Creating environment descriptor '/home/kun/ros2_ws/install/lidar_odometry/share/lidar_odometry/hook/cmake_prefix_path.dsv'
[9.852s] INFO:colcon.colcon_core.shell:Creating environment hook '/home/kun/ros2_ws/install/lidar_odometry/share/lidar_odometry/hook/cmake_prefix_path.sh'
[9.853s] Level 1:colcon.colcon_core.environment:checking '/home/kun/ros2_ws/install/lidar_odometry/lib'
[9.853s] Level 1:colcon.colcon_core.environment:checking '/home/kun/ros2_ws/install/lidar_odometry/bin'
[9.853s] Level 1:colcon.colcon_core.environment:checking '/home/kun/ros2_ws/install/lidar_odometry/lib/pkgconfig/lidar_odometry.pc'
[9.853s] Level 1:colcon.colcon_core.environment:checking '/home/kun/ros2_ws/install/lidar_odometry/lib/python3.10/site-packages'
[9.853s] Level 1:colcon.colcon_core.environment:checking '/home/kun/ros2_ws/install/lidar_odometry/bin'
[9.854s] INFO:colcon.colcon_core.shell:Creating package script '/home/kun/ros2_ws/install/lidar_odometry/share/lidar_odometry/package.ps1'
[9.854s] INFO:colcon.colcon_core.shell:Creating package descriptor '/home/kun/ros2_ws/install/lidar_odometry/share/lidar_odometry/package.dsv'
[9.854s] INFO:colcon.colcon_core.shell:Creating package script '/home/kun/ros2_ws/install/lidar_odometry/share/lidar_odometry/package.sh'
[9.855s] INFO:colcon.colcon_core.shell:Creating package script '/home/kun/ros2_ws/install/lidar_odometry/share/lidar_odometry/package.bash'
[9.855s] INFO:colcon.colcon_core.shell:Creating package script '/home/kun/ros2_ws/install/lidar_odometry/share/lidar_odometry/package.zsh'
[9.855s] Level 1:colcon.colcon_core.environment:create_file_with_runtime_dependencies(/home/kun/ros2_ws/install/lidar_odometry/share/colcon-core/packages/lidar_odometry)
[9.855s] DEBUG:colcon.colcon_parallel_executor.executor.parallel:closing loop
[9.856s] DEBUG:colcon.colcon_parallel_executor.executor.parallel:loop closed
[9.856s] DEBUG:colcon.colcon_parallel_executor.executor.parallel:run_until_complete finished with '0'
[9.856s] DEBUG:colcon.colcon_core.event_reactor:joining thread
[9.860s] INFO:colcon.colcon_core.plugin_system:Skipping extension 'colcon_notification.desktop_notification.terminal_notifier': Not used on non-Darwin systems
[9.860s] INFO:colcon.colcon_core.plugin_system:Skipping extension 'colcon_notification.desktop_notification.win32': Not used on non-Windows systems
[9.860s] INFO:colcon.colcon_notification.desktop_notification:Sending desktop notification using 'notify2'
[9.870s] DEBUG:colcon.colcon_core.event_reactor:joined thread
[9.870s] INFO:colcon.colcon_core.shell:Creating prefix script '/home/kun/ros2_ws/install/local_setup.ps1'
[9.871s] INFO:colcon.colcon_core.shell:Creating prefix util module '/home/kun/ros2_ws/install/_local_setup_util_ps1.py'
[9.872s] INFO:colcon.colcon_core.shell:Creating prefix chain script '/home/kun/ros2_ws/install/setup.ps1'
[9.872s] INFO:colcon.colcon_core.shell:Creating prefix script '/home/kun/ros2_ws/install/local_setup.sh'
[9.873s] INFO:colcon.colcon_core.shell:Creating prefix util module '/home/kun/ros2_ws/install/_local_setup_util_sh.py'
[9.873s] INFO:colcon.colcon_core.shell:Creating prefix chain script '/home/kun/ros2_ws/install/setup.sh'
[9.873s] INFO:colcon.colcon_core.shell:Creating prefix script '/home/kun/ros2_ws/install/local_setup.bash'
[9.874s] INFO:colcon.colcon_core.shell:Creating prefix chain script '/home/kun/ros2_ws/install/setup.bash'
[9.874s] INFO:colcon.colcon_core.shell:Creating prefix script '/home/kun/ros2_ws/install/local_setup.zsh'
[9.875s] INFO:colcon.colcon_core.shell:Creating prefix chain script '/home/kun/ros2_ws/install/setup.zsh'
