Consolidate compiler generated dependencies of target qr_publisher
Consolidate compiler generated dependencies of target wall_marker_node
Consolidate compiler generated dependencies of target lidar_odometry_node
[ 28%] Built target qr_publisher
[ 42%] Building CXX object CMakeFiles/wall_marker_node.dir/src/wall_marker_node.cpp.o
[ 85%] Built target lidar_odometry_node
/home/kun/ros2_ws/src/Simple-2D-LiDAR-Odometry/src/wall_marker_node.cpp: In constructor ‘WallMarkerNode::WallMarkerNode()’:
/home/kun/ros2_ws/src/Simple-2D-LiDAR-Odometry/src/wall_marker_node.cpp:228:9: warning: ‘WallMarkerNode::marker_id_’ will be initialized after [-Wreorder]
  228 |     int marker_id_;
      |         ^~~~~~~~~~
/home/kun/ros2_ws/src/Simple-2D-LiDAR-Odometry/src/wall_marker_node.cpp:224:23: warning:   ‘mosquitto* WallMarkerNode::mosq_’ [-Wreorder]
  224 |     struct mosquitto *mosq_;
      |                       ^~~~~
/home/kun/ros2_ws/src/Simple-2D-LiDAR-Odometry/src/wall_marker_node.cpp:19:5: warning:   when initialized here [-Wreorder]
   19 |     WallMarkerNode() : Node("wall_marker_node"), marker_id_(0), mosq_(nullptr), running_(true)
      |     ^~~~~~~~~~~~~~
/home/kun/ros2_ws/src/Simple-2D-LiDAR-Odometry/src/wall_marker_node.cpp: In lambda function:
/home/kun/ros2_ws/src/Simple-2D-LiDAR-Odometry/src/wall_marker_node.cpp:64:68: warning: unused parameter ‘mosq’ [-Wunused-parameter]
   64 |         mosquitto_message_callback_set(mosq_, [](struct mosquitto *mosq, void *obj, const struct mosquitto_message *msg) {
      |                                                  ~~~~~~~~~~~~~~~~~~^~~~
[100%] Linking CXX executable wall_marker_node
[100%] Built target wall_marker_node
-- Install configuration: ""
-- Execute custom install script
-- Up-to-date symlink: /home/kun/ros2_ws/install/lidar_odometry/lib/lidar_odometry/lidar_odometry_node
-- Up-to-date symlink: /home/kun/ros2_ws/install/lidar_odometry/lib/lidar_odometry/wall_marker_node
-- Up-to-date symlink: /home/kun/ros2_ws/install/lidar_odometry/lib/lidar_odometry/qr_publisher
-- Up-to-date symlink: /home/kun/ros2_ws/install/lidar_odometry/share/ament_index/resource_index/package_run_dependencies/lidar_odometry
-- Up-to-date symlink: /home/kun/ros2_ws/install/lidar_odometry/share/ament_index/resource_index/parent_prefix_path/lidar_odometry
-- Up-to-date symlink: /home/kun/ros2_ws/install/lidar_odometry/share/lidar_odometry/environment/ament_prefix_path.sh
-- Up-to-date symlink: /home/kun/ros2_ws/install/lidar_odometry/share/lidar_odometry/environment/ament_prefix_path.dsv
-- Up-to-date symlink: /home/kun/ros2_ws/install/lidar_odometry/share/lidar_odometry/environment/path.sh
-- Up-to-date symlink: /home/kun/ros2_ws/install/lidar_odometry/share/lidar_odometry/environment/path.dsv
-- Up-to-date symlink: /home/kun/ros2_ws/install/lidar_odometry/share/lidar_odometry/local_setup.bash
-- Up-to-date symlink: /home/kun/ros2_ws/install/lidar_odometry/share/lidar_odometry/local_setup.sh
-- Up-to-date symlink: /home/kun/ros2_ws/install/lidar_odometry/share/lidar_odometry/local_setup.zsh
-- Up-to-date symlink: /home/kun/ros2_ws/install/lidar_odometry/share/lidar_odometry/local_setup.dsv
-- Symlinking: /home/kun/ros2_ws/install/lidar_odometry/share/lidar_odometry/package.dsv
-- Up-to-date symlink: /home/kun/ros2_ws/install/lidar_odometry/share/ament_index/resource_index/packages/lidar_odometry
-- Up-to-date symlink: /home/kun/ros2_ws/install/lidar_odometry/share/lidar_odometry/cmake/lidar_odometryConfig.cmake
-- Up-to-date symlink: /home/kun/ros2_ws/install/lidar_odometry/share/lidar_odometry/cmake/lidar_odometryConfig-version.cmake
-- Up-to-date symlink: /home/kun/ros2_ws/install/lidar_odometry/share/lidar_odometry/package.xml
