[0.006s] Invoking command in '/home/kun/ros2_ws/build/lidar_odometry': CMAKE_PREFIX_PATH=${CMAKE_PREFIX_PATH}:/opt/ros/humble /usr/bin/cmake --build /home/kun/ros2_ws/build/lidar_odometry -- -j12 -l12
[0.041s] Consolidate compiler generated dependencies of target qr_publisher
[0.043s] Consolidate compiler generated dependencies of target wall_marker_node
[0.049s] Consolidate compiler generated dependencies of target lidar_odometry_node
[0.053s] [ 28%] Built target qr_publisher
[0.055s] [ 42%] Building CXX object CMakeFiles/wall_marker_node.dir/src/wall_marker_node.cpp.o
[0.063s] [ 85%] Built target lidar_odometry_node
[1.414s] /home/kun/ros2_ws/src/Simple-2D-LiDAR-Odometry/src/wall_marker_node.cpp: In constructor ‘WallMarkerNode::WallMarkerNode()’:
[1.414s] /home/kun/ros2_ws/src/Simple-2D-LiDAR-Odometry/src/wall_marker_node.cpp:228:9: warning: ‘WallMarkerNode::marker_id_’ will be initialized after [-Wreorder]
[1.414s]   228 |     int marker_id_;
[1.414s]       |         ^~~~~~~~~~
[1.414s] /home/kun/ros2_ws/src/Simple-2D-LiDAR-Odometry/src/wall_marker_node.cpp:224:23: warning:   ‘mosquitto* WallMarkerNode::mosq_’ [-Wreorder]
[1.414s]   224 |     struct mosquitto *mosq_;
[1.414s]       |                       ^~~~~
[1.414s] /home/kun/ros2_ws/src/Simple-2D-LiDAR-Odometry/src/wall_marker_node.cpp:19:5: warning:   when initialized here [-Wreorder]
[1.414s]    19 |     WallMarkerNode() : Node("wall_marker_node"), marker_id_(0), mosq_(nullptr), running_(true)
[1.414s]       |     ^~~~~~~~~~~~~~
[1.415s] /home/kun/ros2_ws/src/Simple-2D-LiDAR-Odometry/src/wall_marker_node.cpp: In lambda function:
[1.415s] /home/kun/ros2_ws/src/Simple-2D-LiDAR-Odometry/src/wall_marker_node.cpp:64:68: warning: unused parameter ‘mosq’ [-Wunused-parameter]
[1.416s]    64 |         mosquitto_message_callback_set(mosq_, [](struct mosquitto *mosq, void *obj, const struct mosquitto_message *msg) {
[1.416s]       |                                                  ~~~~~~~~~~~~~~~~~~^~~~
[4.868s] [100%] Linking CXX executable wall_marker_node
[5.160s] [100%] Built target wall_marker_node
[5.172s] Invoked command in '/home/kun/ros2_ws/build/lidar_odometry' returned '0': CMAKE_PREFIX_PATH=${CMAKE_PREFIX_PATH}:/opt/ros/humble /usr/bin/cmake --build /home/kun/ros2_ws/build/lidar_odometry -- -j12 -l12
[5.180s] Invoking command in '/home/kun/ros2_ws/build/lidar_odometry': CMAKE_PREFIX_PATH=${CMAKE_PREFIX_PATH}:/opt/ros/humble /usr/bin/cmake --install /home/kun/ros2_ws/build/lidar_odometry
[5.187s] -- Install configuration: ""
[5.187s] -- Execute custom install script
[5.187s] -- Up-to-date symlink: /home/kun/ros2_ws/install/lidar_odometry/lib/lidar_odometry/lidar_odometry_node
[5.187s] -- Up-to-date symlink: /home/kun/ros2_ws/install/lidar_odometry/lib/lidar_odometry/wall_marker_node
[5.188s] -- Up-to-date symlink: /home/kun/ros2_ws/install/lidar_odometry/lib/lidar_odometry/qr_publisher
[5.188s] -- Up-to-date symlink: /home/kun/ros2_ws/install/lidar_odometry/share/ament_index/resource_index/package_run_dependencies/lidar_odometry
[5.188s] -- Up-to-date symlink: /home/kun/ros2_ws/install/lidar_odometry/share/ament_index/resource_index/parent_prefix_path/lidar_odometry
[5.188s] -- Up-to-date symlink: /home/kun/ros2_ws/install/lidar_odometry/share/lidar_odometry/environment/ament_prefix_path.sh
[5.188s] -- Up-to-date symlink: /home/kun/ros2_ws/install/lidar_odometry/share/lidar_odometry/environment/ament_prefix_path.dsv
[5.188s] -- Up-to-date symlink: /home/kun/ros2_ws/install/lidar_odometry/share/lidar_odometry/environment/path.sh
[5.188s] -- Up-to-date symlink: /home/kun/ros2_ws/install/lidar_odometry/share/lidar_odometry/environment/path.dsv
[5.188s] -- Up-to-date symlink: /home/kun/ros2_ws/install/lidar_odometry/share/lidar_odometry/local_setup.bash
[5.188s] -- Up-to-date symlink: /home/kun/ros2_ws/install/lidar_odometry/share/lidar_odometry/local_setup.sh
[5.188s] -- Up-to-date symlink: /home/kun/ros2_ws/install/lidar_odometry/share/lidar_odometry/local_setup.zsh
[5.188s] -- Up-to-date symlink: /home/kun/ros2_ws/install/lidar_odometry/share/lidar_odometry/local_setup.dsv
[5.188s] -- Symlinking: /home/kun/ros2_ws/install/lidar_odometry/share/lidar_odometry/package.dsv
[5.196s] -- Up-to-date symlink: /home/kun/ros2_ws/install/lidar_odometry/share/ament_index/resource_index/packages/lidar_odometry
[5.196s] -- Up-to-date symlink: /home/kun/ros2_ws/install/lidar_odometry/share/lidar_odometry/cmake/lidar_odometryConfig.cmake
[5.196s] -- Up-to-date symlink: /home/kun/ros2_ws/install/lidar_odometry/share/lidar_odometry/cmake/lidar_odometryConfig-version.cmake
[5.196s] -- Up-to-date symlink: /home/kun/ros2_ws/install/lidar_odometry/share/lidar_odometry/package.xml
[5.197s] Invoked command in '/home/kun/ros2_ws/build/lidar_odometry' returned '0': CMAKE_PREFIX_PATH=${CMAKE_PREFIX_PATH}:/opt/ros/humble /usr/bin/cmake --install /home/kun/ros2_ws/build/lidar_odometry
