[0.008s] Invoking command in '/home/kun/ros2_ws/build/lidar_odometry': CMAKE_PREFIX_PATH=${CMAKE_PREFIX_PATH}:/opt/ros/humble /usr/bin/cmake --build /home/kun/ros2_ws/build/lidar_odometry --clean-first -- -j12 -l12
[0.079s] -- Found ament_cmake: 1.3.11 (/opt/ros/humble/share/ament_cmake/cmake)
[0.159s] -- Override CMake install command with custom implementation using symlinks instead of copying resources
[0.163s] -- Found rclcpp: 16.0.12 (/opt/ros/humble/share/rclcpp/cmake)
[0.179s] -- Found rosidl_generator_c: 3.1.6 (/opt/ros/humble/share/rosidl_generator_c/cmake)
[0.180s] -- Found rosidl_adapter: 3.1.6 (/opt/ros/humble/share/rosidl_adapter/cmake)
[0.184s] -- Found rosidl_generator_cpp: 3.1.6 (/opt/ros/humble/share/rosidl_generator_cpp/cmake)
[0.190s] -- Using all available rosidl_typesupport_c: rosidl_typesupport_fastrtps_c;rosidl_typesupport_introspection_c
[0.197s] -- Using all available rosidl_typesupport_cpp: rosidl_typesupport_fastrtps_cpp;rosidl_typesupport_introspection_cpp
[0.214s] -- Found rmw_implementation_cmake: 6.1.2 (/opt/ros/humble/share/rmw_implementation_cmake/cmake)
[0.215s] -- Found rmw_cyclonedds_cpp: 1.3.4 (/opt/ros/humble/share/rmw_cyclonedds_cpp/cmake)
[0.225s] -- Using RMW implementation 'rmw_cyclonedds_cpp' as default
[0.252s] -- Found sensor_msgs: 4.8.0 (/opt/ros/humble/share/sensor_msgs/cmake)
[0.268s] -- Found nav_msgs: 4.8.0 (/opt/ros/humble/share/nav_msgs/cmake)
[0.285s] -- Eigen found (include: /usr/include/eigen3, version: 3.4.0)
[0.308s] -- FLANN found (include: /usr/include, lib: /usr/lib/x86_64-linux-gnu/libflann_cpp.so)
[0.430s] -- Found Eigen3: /usr/include/eigen3 (found version "3.4.0") 
[0.511s] -- OpenNI found (version: 1.5.4.0, include: /usr/include/ni, lib: /usr/lib/libOpenNI.so;libusb::libusb)
[0.516s] -- OpenNI2 found (version: 2.2.0.33, include: /usr/include/openni2, lib: /usr/lib/x86_64-linux-gnu/libOpenNI2.so;libusb::libusb)
[0.516s] ** WARNING ** io features related to pcap will be disabled
[0.613s] -- Eigen found (include: /usr/include/eigen3, version: 3.4.0)
[0.618s] -- OpenNI found (version: 1.5.4.0, include: /usr/include/ni, lib: /usr/lib/libOpenNI.so;libusb::libusb)
[0.623s] -- OpenNI2 found (version: 2.2.0.33, include: /usr/include/openni2, lib: /usr/lib/x86_64-linux-gnu/libOpenNI2.so;libusb::libusb)
[0.713s] -- Found Qhull version 8.0.2
[0.806s] -- OpenNI found (version: 1.5.4.0, include: /usr/include/ni, lib: /usr/lib/libOpenNI.so;libusb::libusb)
[0.896s] -- looking for PCL_COMMON
[0.896s] -- looking for PCL_KDTREE
[0.896s] -- looking for PCL_OCTREE
[0.896s] -- looking for PCL_SEARCH
[0.896s] -- looking for PCL_SAMPLE_CONSENSUS
[0.896s] -- looking for PCL_FILTERS
[0.897s] -- looking for PCL_2D
[0.897s] -- looking for PCL_GEOMETRY
[0.897s] -- looking for PCL_IO
[0.897s] -- looking for PCL_FEATURES
[0.897s] -- looking for PCL_ML
[0.898s] -- looking for PCL_SEGMENTATION
[0.898s] -- looking for PCL_VISUALIZATION
[0.898s] -- looking for PCL_SURFACE
[0.898s] -- looking for PCL_REGISTRATION
[0.899s] -- looking for PCL_KEYPOINTS
[0.899s] -- looking for PCL_TRACKING
[0.899s] -- looking for PCL_RECOGNITION
[0.899s] -- looking for PCL_STEREO
[0.900s] -- looking for PCL_APPS
[0.900s] -- looking for PCL_IN_HAND_SCANNER
[0.900s] -- looking for PCL_MODELER
[0.900s] -- looking for PCL_POINT_CLOUD_EDITOR
[0.900s] -- looking for PCL_OUTOFCORE
[0.901s] -- looking for PCL_PEOPLE
[0.902s] -- Found laser_geometry: 2.4.0 (/opt/ros/humble/share/laser_geometry/cmake)
[0.907s] -- Found pcl_conversions: 2.4.5 (/opt/ros/humble/share/pcl_conversions/cmake)
[0.920s] -- Found tf2_eigen: 0.25.12 (/opt/ros/humble/share/tf2_eigen/cmake)
[0.963s] -- Found visualization_msgs: 4.8.0 (/opt/ros/humble/share/visualization_msgs/cmake)
[0.974s] -- Found tf2_geometry_msgs: 0.25.12 (/opt/ros/humble/share/tf2_geometry_msgs/cmake)
[0.977s] -- Found Eigen3: TRUE (found version "3.4.0") 
[0.977s] -- Ensuring Eigen3 include directory is part of orocos-kdl CMake target
[0.981s] -- Found PkgConfig: /usr/bin/pkg-config (found version "0.29.2") 
[0.982s] -- Checking for module 'libmosquitto'
[1.004s] --   Found libmosquitto, version 2.0.11
[1.044s] -- Found ament_lint_auto: 0.12.12 (/opt/ros/humble/share/ament_lint_auto/cmake)
[1.084s] -- Added test 'cppcheck' to perform static code analysis on C / C++ code
[1.085s] -- Configured cppcheck include dirs: /home/kun/ros2_ws/src/Simple-2D-LiDAR-Odometry/include;$<BUILD_INTERFACE:/home/kun/ros2_ws/src/Simple-2D-LiDAR-Odometry/include>
[1.085s] -- Configured cppcheck exclude dirs and/or files: 
[1.085s] -- Added test 'lint_cmake' to check CMake code style
[1.085s] -- Added test 'uncrustify' to check C / C++ code style
[1.085s] -- Configured uncrustify additional arguments: 
[1.086s] -- Added test 'xmllint' to check XML markup files
[1.086s] -- Configuring done
[1.107s] -- Generating done
[1.114s] -- Build files have been written to: /home/kun/ros2_ws/build/lidar_odometry
[1.144s] [ 14%] Building CXX object CMakeFiles/qr_publisher.dir/src/qr_publisher.cpp.o
[1.148s] [ 42%] Building CXX object CMakeFiles/lidar_odometry_node.dir/src/lidar_odometry.cpp.o
[1.148s] [ 42%] Building CXX object CMakeFiles/wall_marker_node.dir/src/wall_marker_node.cpp.o
[1.150s] [ 57%] Building CXX object CMakeFiles/lidar_odometry_node.dir/src/lidar_odometry_node.cpp.o
[2.830s] /home/kun/ros2_ws/src/Simple-2D-LiDAR-Odometry/src/wall_marker_node.cpp: In constructor ‘WallMarkerNode::WallMarkerNode()’:
[2.830s] /home/kun/ros2_ws/src/Simple-2D-LiDAR-Odometry/src/wall_marker_node.cpp:228:9: warning: ‘WallMarkerNode::marker_id_’ will be initialized after [-Wreorder]
[2.830s]   228 |     int marker_id_;
[2.830s]       |         ^~~~~~~~~~
[2.830s] /home/kun/ros2_ws/src/Simple-2D-LiDAR-Odometry/src/wall_marker_node.cpp:224:23: warning:   ‘mosquitto* WallMarkerNode::mosq_’ [-Wreorder]
[2.830s]   224 |     struct mosquitto *mosq_;
[2.830s]       |                       ^~~~~
[2.830s] /home/kun/ros2_ws/src/Simple-2D-LiDAR-Odometry/src/wall_marker_node.cpp:19:5: warning:   when initialized here [-Wreorder]
[2.830s]    19 |     WallMarkerNode() : Node("wall_marker_node"), marker_id_(0), mosq_(nullptr), running_(true)
[2.830s]       |     ^~~~~~~~~~~~~~
[2.839s] /home/kun/ros2_ws/src/Simple-2D-LiDAR-Odometry/src/wall_marker_node.cpp: In lambda function:
[2.839s] /home/kun/ros2_ws/src/Simple-2D-LiDAR-Odometry/src/wall_marker_node.cpp:64:68: warning: unused parameter ‘mosq’ [-Wunused-parameter]
[2.840s]    64 |         mosquitto_message_callback_set(mosq_, [](struct mosquitto *mosq, void *obj, const struct mosquitto_message *msg) {
[2.840s]       |                                                  ~~~~~~~~~~~~~~~~~~^~~~
[4.092s] [ 71%] Linking CXX executable qr_publisher
[4.255s] [ 71%] Built target qr_publisher
[6.886s] [ 85%] Linking CXX executable wall_marker_node
[7.252s] [ 85%] Built target wall_marker_node
[12.597s] [100%] Linking CXX executable lidar_odometry_node
[13.675s] [100%] Built target lidar_odometry_node
[13.688s] Invoked command in '/home/kun/ros2_ws/build/lidar_odometry' returned '0': CMAKE_PREFIX_PATH=${CMAKE_PREFIX_PATH}:/opt/ros/humble /usr/bin/cmake --build /home/kun/ros2_ws/build/lidar_odometry --clean-first -- -j12 -l12
[13.695s] Invoking command in '/home/kun/ros2_ws/build/lidar_odometry': CMAKE_PREFIX_PATH=${CMAKE_PREFIX_PATH}:/opt/ros/humble /usr/bin/cmake --install /home/kun/ros2_ws/build/lidar_odometry
[13.699s] -- Install configuration: ""
[13.699s] -- Execute custom install script
[13.699s] -- Up-to-date symlink: /home/kun/ros2_ws/install/lidar_odometry/lib/lidar_odometry/lidar_odometry_node
[13.700s] -- Up-to-date symlink: /home/kun/ros2_ws/install/lidar_odometry/lib/lidar_odometry/wall_marker_node
[13.700s] -- Up-to-date symlink: /home/kun/ros2_ws/install/lidar_odometry/lib/lidar_odometry/qr_publisher
[13.700s] -- Up-to-date symlink: /home/kun/ros2_ws/install/lidar_odometry/share/ament_index/resource_index/package_run_dependencies/lidar_odometry
[13.700s] -- Up-to-date symlink: /home/kun/ros2_ws/install/lidar_odometry/share/ament_index/resource_index/parent_prefix_path/lidar_odometry
[13.700s] -- Up-to-date symlink: /home/kun/ros2_ws/install/lidar_odometry/share/lidar_odometry/environment/ament_prefix_path.sh
[13.700s] -- Up-to-date symlink: /home/kun/ros2_ws/install/lidar_odometry/share/lidar_odometry/environment/ament_prefix_path.dsv
[13.700s] -- Up-to-date symlink: /home/kun/ros2_ws/install/lidar_odometry/share/lidar_odometry/environment/path.sh
[13.700s] -- Up-to-date symlink: /home/kun/ros2_ws/install/lidar_odometry/share/lidar_odometry/environment/path.dsv
[13.700s] -- Up-to-date symlink: /home/kun/ros2_ws/install/lidar_odometry/share/lidar_odometry/local_setup.bash
[13.700s] -- Up-to-date symlink: /home/kun/ros2_ws/install/lidar_odometry/share/lidar_odometry/local_setup.sh
[13.700s] -- Up-to-date symlink: /home/kun/ros2_ws/install/lidar_odometry/share/lidar_odometry/local_setup.zsh
[13.700s] -- Up-to-date symlink: /home/kun/ros2_ws/install/lidar_odometry/share/lidar_odometry/local_setup.dsv
[13.700s] -- Symlinking: /home/kun/ros2_ws/install/lidar_odometry/share/lidar_odometry/package.dsv
[13.707s] -- Up-to-date symlink: /home/kun/ros2_ws/install/lidar_odometry/share/ament_index/resource_index/packages/lidar_odometry
[13.707s] -- Up-to-date symlink: /home/kun/ros2_ws/install/lidar_odometry/share/lidar_odometry/cmake/lidar_odometryConfig.cmake
[13.708s] -- Up-to-date symlink: /home/kun/ros2_ws/install/lidar_odometry/share/lidar_odometry/cmake/lidar_odometryConfig-version.cmake
[13.708s] -- Up-to-date symlink: /home/kun/ros2_ws/install/lidar_odometry/share/lidar_odometry/package.xml
[13.709s] Invoked command in '/home/kun/ros2_ws/build/lidar_odometry' returned '0': CMAKE_PREFIX_PATH=${CMAKE_PREFIX_PATH}:/opt/ros/humble /usr/bin/cmake --install /home/kun/ros2_ws/build/lidar_odometry
