[0.008s] Invoking command in '/home/kun/ros2_ws/build/lidar_odometry': CMAKE_PREFIX_PATH=${CMAKE_PREFIX_PATH}:/opt/ros/humble /usr/bin/cmake /home/kun/ros2_ws/src/Simple-2D-LiDAR-Odometry -DCMAKE_INSTALL_PREFIX=/home/kun/ros2_ws/install/lidar_odometry
[0.017s] -- Found ament_cmake: 1.3.11 (/opt/ros/humble/share/ament_cmake/cmake)
[0.097s] -- Override CMake install command with custom implementation using symlinks instead of copying resources
[0.101s] -- Found rclcpp: 16.0.12 (/opt/ros/humble/share/rclcpp/cmake)
[0.118s] -- Found rosidl_generator_c: 3.1.6 (/opt/ros/humble/share/rosidl_generator_c/cmake)
[0.120s] -- Found rosidl_adapter: 3.1.6 (/opt/ros/humble/share/rosidl_adapter/cmake)
[0.124s] -- Found rosidl_generator_cpp: 3.1.6 (/opt/ros/humble/share/rosidl_generator_cpp/cmake)
[0.129s] -- Using all available rosidl_typesupport_c: rosidl_typesupport_fastrtps_c;rosidl_typesupport_introspection_c
[0.136s] -- Using all available rosidl_typesupport_cpp: rosidl_typesupport_fastrtps_cpp;rosidl_typesupport_introspection_cpp
[0.155s] -- Found rmw_implementation_cmake: 6.1.2 (/opt/ros/humble/share/rmw_implementation_cmake/cmake)
[0.155s] -- Found rmw_cyclonedds_cpp: 1.3.4 (/opt/ros/humble/share/rmw_cyclonedds_cpp/cmake)
[0.165s] -- Using RMW implementation 'rmw_cyclonedds_cpp' as default
[0.193s] -- Found sensor_msgs: 4.8.0 (/opt/ros/humble/share/sensor_msgs/cmake)
[0.208s] -- Found nav_msgs: 4.8.0 (/opt/ros/humble/share/nav_msgs/cmake)
[0.226s] -- Eigen found (include: /usr/include/eigen3, version: 3.4.0)
[0.248s] -- FLANN found (include: /usr/include, lib: /usr/lib/x86_64-linux-gnu/libflann_cpp.so)
[0.443s] -- OpenNI found (version: 1.5.4.0, include: /usr/include/ni, lib: /usr/lib/libOpenNI.so;libusb::libusb)
[0.448s] -- OpenNI2 found (version: 2.2.0.33, include: /usr/include/openni2, lib: /usr/lib/x86_64-linux-gnu/libOpenNI2.so;libusb::libusb)
[0.448s] [0m** WARNING ** io features related to pcap will be disabled[0m
[0.550s] -- Eigen found (include: /usr/include/eigen3, version: 3.4.0)
[0.555s] -- OpenNI found (version: 1.5.4.0, include: /usr/include/ni, lib: /usr/lib/libOpenNI.so;libusb::libusb)
[0.559s] -- OpenNI2 found (version: 2.2.0.33, include: /usr/include/openni2, lib: /usr/lib/x86_64-linux-gnu/libOpenNI2.so;libusb::libusb)
[0.650s] -- Found Qhull version 8.0.2
[0.743s] -- OpenNI found (version: 1.5.4.0, include: /usr/include/ni, lib: /usr/lib/libOpenNI.so;libusb::libusb)
[0.831s] -- looking for PCL_COMMON
[0.831s] -- looking for PCL_KDTREE
[0.832s] -- looking for PCL_OCTREE
[0.832s] -- looking for PCL_SEARCH
[0.832s] -- looking for PCL_SAMPLE_CONSENSUS
[0.832s] -- looking for PCL_FILTERS
[0.833s] -- looking for PCL_2D
[0.833s] -- looking for PCL_GEOMETRY
[0.833s] -- looking for PCL_IO
[0.833s] -- looking for PCL_FEATURES
[0.834s] -- looking for PCL_ML
[0.834s] -- looking for PCL_SEGMENTATION
[0.834s] -- looking for PCL_VISUALIZATION
[0.835s] -- looking for PCL_SURFACE
[0.835s] -- looking for PCL_REGISTRATION
[0.835s] -- looking for PCL_KEYPOINTS
[0.835s] -- looking for PCL_TRACKING
[0.836s] -- looking for PCL_RECOGNITION
[0.836s] -- looking for PCL_STEREO
[0.836s] -- looking for PCL_APPS
[0.837s] -- looking for PCL_IN_HAND_SCANNER
[0.837s] -- looking for PCL_MODELER
[0.837s] -- looking for PCL_POINT_CLOUD_EDITOR
[0.838s] -- looking for PCL_OUTOFCORE
[0.838s] -- looking for PCL_PEOPLE
[0.839s] -- Found laser_geometry: 2.4.0 (/opt/ros/humble/share/laser_geometry/cmake)
[0.844s] -- Found pcl_conversions: 2.4.5 (/opt/ros/humble/share/pcl_conversions/cmake)
[0.859s] -- Found tf2_eigen: 0.25.12 (/opt/ros/humble/share/tf2_eigen/cmake)
[0.907s] -- Found ament_lint_auto: 0.12.12 (/opt/ros/humble/share/ament_lint_auto/cmake)
[0.949s] -- Added test 'cppcheck' to perform static code analysis on C / C++ code
[0.950s] -- Configured cppcheck include dirs: /home/kun/ros2_ws/src/Simple-2D-LiDAR-Odometry/include;$<BUILD_INTERFACE:/home/kun/ros2_ws/src/Simple-2D-LiDAR-Odometry/include>
[0.950s] -- Configured cppcheck exclude dirs and/or files: 
[0.950s] -- Added test 'lint_cmake' to check CMake code style
[0.952s] -- Added test 'uncrustify' to check C / C++ code style
[0.952s] -- Configured uncrustify additional arguments: 
[0.952s] -- Added test 'xmllint' to check XML markup files
[0.953s] -- Configuring done
[0.970s] -- Generating done
[0.975s] -- Build files have been written to: /home/kun/ros2_ws/build/lidar_odometry
[0.986s] Invoked command in '/home/kun/ros2_ws/build/lidar_odometry' returned '0': CMAKE_PREFIX_PATH=${CMAKE_PREFIX_PATH}:/opt/ros/humble /usr/bin/cmake /home/kun/ros2_ws/src/Simple-2D-LiDAR-Odometry -DCMAKE_INSTALL_PREFIX=/home/kun/ros2_ws/install/lidar_odometry
[0.986s] Invoking command in '/home/kun/ros2_ws/build/lidar_odometry': CMAKE_PREFIX_PATH=${CMAKE_PREFIX_PATH}:/opt/ros/humble /usr/bin/cmake --build /home/kun/ros2_ws/build/lidar_odometry -- -j12 -l12
[1.018s] [35m[1mConsolidate compiler generated dependencies of target lidar_odometry_node[0m
[1.042s] [ 33%] [32mBuilding CXX object CMakeFiles/lidar_odometry_node.dir/src/lidar_odometry_node.cpp.o[0m
[4.410s] In file included from [01m[K/opt/ros/humble/include/rclcpp/rclcpp/logging.hpp:24[m[K,
[4.410s]                  from [01m[K/opt/ros/humble/include/rclcpp/rclcpp/client.hpp:40[m[K,
[4.410s]                  from [01m[K/opt/ros/humble/include/rclcpp/rclcpp/callback_group.hpp:24[m[K,
[4.410s]                  from [01m[K/opt/ros/humble/include/rclcpp/rclcpp/any_executable.hpp:20[m[K,
[4.410s]                  from [01m[K/opt/ros/humble/include/rclcpp/rclcpp/memory_strategy.hpp:25[m[K,
[4.410s]                  from [01m[K/opt/ros/humble/include/rclcpp/rclcpp/memory_strategies.hpp:18[m[K,
[4.410s]                  from [01m[K/opt/ros/humble/include/rclcpp/rclcpp/executor_options.hpp:20[m[K,
[4.410s]                  from [01m[K/opt/ros/humble/include/rclcpp/rclcpp/executor.hpp:37[m[K,
[4.410s]                  from [01m[K/opt/ros/humble/include/rclcpp/rclcpp/executors/multi_threaded_executor.hpp:25[m[K,
[4.410s]                  from [01m[K/opt/ros/humble/include/rclcpp/rclcpp/executors.hpp:21[m[K,
[4.410s]                  from [01m[K/opt/ros/humble/include/rclcpp/rclcpp/rclcpp.hpp:155[m[K,
[4.411s]                  from [01m[K/opt/ros/humble/include/pcl_conversions/pcl_conversions/pcl_conversions.h:43[m[K,
[4.411s]                  from [01m[K/home/kun/ros2_ws/src/Simple-2D-LiDAR-Odometry/src/lidar_odometry_node.cpp:3[m[K:
[4.411s] [01m[K/home/kun/ros2_ws/src/Simple-2D-LiDAR-Odometry/src/lidar_odometry_node.cpp:[m[K In member function ‘[01m[Kvoid LidarOdometryNode::scan_callback(sensor_msgs::msg::LaserScan_<std::allocator<void> >::SharedPtr)[m[K’:
[4.411s] [01m[K/home/kun/ros2_ws/src/Simple-2D-LiDAR-Odometry/src/lidar_odometry_node.cpp:72:77:[m[K [01;31m[Kerror: [m[Kbase operand of ‘[01m[K->[m[K’ has non-pointer type ‘[01m[Kpcl::PointCloud<pcl::PointXYZ>[m[K’
[4.411s]    72 | ud size: %zu", pcl_point_cloud[01;31m[K->[m[Ksize());
[4.411s]       |                               [01;31m[K^~[m[K
[4.411s] 
[4.411s] [01m[K/home/kun/ros2_ws/src/Simple-2D-LiDAR-Odometry/src/lidar_odometry_node.cpp:74:24:[m[K [01;31m[Kerror: [m[Kbase operand of ‘[01m[K->[m[K’ has non-pointer type ‘[01m[Kpcl::PointCloud<pcl::PointXYZ>[m[K’
[4.411s]    74 |     if (pcl_point_cloud[01;31m[K->[m[Ksize() < 20) {
[4.411s]       |                        [01;31m[K^~[m[K
[4.411s] In file included from [01m[K/opt/ros/humble/include/rclcpp/rclcpp/logging.hpp:24[m[K,
[4.411s]                  from [01m[K/opt/ros/humble/include/rclcpp/rclcpp/client.hpp:40[m[K,
[4.411s]                  from [01m[K/opt/ros/humble/include/rclcpp/rclcpp/callback_group.hpp:24[m[K,
[4.411s]                  from [01m[K/opt/ros/humble/include/rclcpp/rclcpp/any_executable.hpp:20[m[K,
[4.411s]                  from [01m[K/opt/ros/humble/include/rclcpp/rclcpp/memory_strategy.hpp:25[m[K,
[4.411s]                  from [01m[K/opt/ros/humble/include/rclcpp/rclcpp/memory_strategies.hpp:18[m[K,
[4.411s]                  from [01m[K/opt/ros/humble/include/rclcpp/rclcpp/executor_options.hpp:20[m[K,
[4.411s]                  from [01m[K/opt/ros/humble/include/rclcpp/rclcpp/executor.hpp:37[m[K,
[4.411s]                  from [01m[K/opt/ros/humble/include/rclcpp/rclcpp/executors/multi_threaded_executor.hpp:25[m[K,
[4.411s]                  from [01m[K/opt/ros/humble/include/rclcpp/rclcpp/executors.hpp:21[m[K,
[4.411s]                  from [01m[K/opt/ros/humble/include/rclcpp/rclcpp/rclcpp.hpp:155[m[K,
[4.411s]                  from [01m[K/opt/ros/humble/include/pcl_conversions/pcl_conversions/pcl_conversions.h:43[m[K,
[4.411s]                  from [01m[K/home/kun/ros2_ws/src/Simple-2D-LiDAR-Odometry/src/lidar_odometry_node.cpp:3[m[K:
[4.411s] [01m[K/home/kun/ros2_ws/src/Simple-2D-LiDAR-Odometry/src/lidar_odometry_node.cpp:75:113:[m[K [01;31m[Kerror: [m[Kbase operand of ‘[01m[K->[m[K’ has non-pointer type ‘[01m[Kpcl::PointCloud<pcl::PointXYZ>[m[K’
[4.411s]    75 | g this scan.", pcl_point_cloud[01;31m[K->[m[Ksize());
[4.411s]       |                               [01;31m[K^~[m[K
[4.411s] 
[7.047s] gmake[2]: *** [CMakeFiles/lidar_odometry_node.dir/build.make:76: CMakeFiles/lidar_odometry_node.dir/src/lidar_odometry_node.cpp.o] Error 1
[7.047s] gmake[1]: *** [CMakeFiles/Makefile2:137: CMakeFiles/lidar_odometry_node.dir/all] Error 2
[7.047s] gmake: *** [Makefile:146: all] Error 2
[7.049s] Invoked command in '/home/kun/ros2_ws/build/lidar_odometry' returned '2': CMAKE_PREFIX_PATH=${CMAKE_PREFIX_PATH}:/opt/ros/humble /usr/bin/cmake --build /home/kun/ros2_ws/build/lidar_odometry -- -j12 -l12
