[0.007s] Invoking command in '/home/kun/ros2_ws/build/lidar_odometry': CMAKE_PREFIX_PATH=${CMAKE_PREFIX_PATH}:/home/kun/pureslam_ros2_ws/install/neuronbot2_led:/home/kun/pureslam_ros2_ws/install/map2gazebo:/opt/ros/humble /usr/bin/cmake /home/kun/ros2_ws/src/Simple-2D-LiDAR-Odometry -DAMENT_CMAKE_SYMLINK_INSTALL=1 -DCMAKE_INSTALL_PREFIX=/home/kun/ros2_ws/install/lidar_odometry
[0.080s] -- The C compiler identification is GNU 11.4.0
[0.135s] -- The CXX compiler identification is GNU 11.4.0
[0.140s] -- Detecting C compiler ABI info
[0.191s] -- Detecting C compiler ABI info - done
[0.195s] -- Check for working C compiler: /usr/bin/cc - skipped
[0.195s] -- Detecting C compile features
[0.196s] -- Detecting C compile features - done
[0.198s] -- Detecting CXX compiler ABI info
[0.257s] -- Detecting CXX compiler ABI info - done
[0.264s] -- Check for working CXX compiler: /usr/bin/c++ - skipped
[0.264s] -- Detecting CXX compile features
[0.265s] -- Detecting CXX compile features - done
[0.266s] -- Found ament_cmake: 1.3.11 (/opt/ros/humble/share/ament_cmake/cmake)
[0.368s] -- Found Python3: /usr/bin/python3 (found version "3.10.12") found components: Interpreter 
[0.408s] -- Override CMake install command with custom implementation using symlinks instead of copying resources
[0.425s] -- Found rclcpp: 16.0.12 (/opt/ros/humble/share/rclcpp/cmake)
[0.450s] -- Found rosidl_generator_c: 3.1.6 (/opt/ros/humble/share/rosidl_generator_c/cmake)
[0.453s] -- Found rosidl_adapter: 3.1.6 (/opt/ros/humble/share/rosidl_adapter/cmake)
[0.457s] -- Found rosidl_generator_cpp: 3.1.6 (/opt/ros/humble/share/rosidl_generator_cpp/cmake)
[0.464s] -- Using all available rosidl_typesupport_c: rosidl_typesupport_fastrtps_c;rosidl_typesupport_introspection_c
[0.473s] -- Using all available rosidl_typesupport_cpp: rosidl_typesupport_fastrtps_cpp;rosidl_typesupport_introspection_cpp
[0.498s] -- Found rmw_implementation_cmake: 6.1.2 (/opt/ros/humble/share/rmw_implementation_cmake/cmake)
[0.499s] -- Found rmw_cyclonedds_cpp: 1.3.4 (/opt/ros/humble/share/rmw_cyclonedds_cpp/cmake)
[0.511s] -- Using RMW implementation 'rmw_cyclonedds_cpp' as default
[0.516s] -- Looking for pthread.h
[0.573s] -- Looking for pthread.h - found
[0.573s] -- Performing Test CMAKE_HAVE_LIBC_PTHREAD
[0.629s] -- Performing Test CMAKE_HAVE_LIBC_PTHREAD - Success
[0.630s] -- Found Threads: TRUE  
[0.660s] -- Found sensor_msgs: 4.8.0 (/opt/ros/humble/share/sensor_msgs/cmake)
[0.678s] -- Found nav_msgs: 4.8.0 (/opt/ros/humble/share/nav_msgs/cmake)
[0.695s] -- Checking for module 'eigen3'
[0.705s] --   Found eigen3, version 3.4.0
[0.736s] -- Found Eigen: /usr/include/eigen3 (Required is at least version "3.1") 
[0.736s] -- Eigen found (include: /usr/include/eigen3, version: 3.4.0)
[0.750s] -- Found Boost: /usr/lib/x86_64-linux-gnu/cmake/Boost-1.74.0/BoostConfig.cmake (found suitable version "1.74.0", minimum required is "1.65.0") found components: system filesystem date_time iostreams serialization 
[0.759s] -- Checking for module 'flann'
[0.769s] --   Found flann, version 1.9.1
[0.817s] -- Found FLANN: /usr/lib/x86_64-linux-gnu/libflann_cpp.so  
[0.817s] -- FLANN found (include: /usr/include, lib: /usr/lib/x86_64-linux-gnu/libflann_cpp.so)
[0.840s] -- Found GLEW: /usr/lib/x86_64-linux-gnu/libGLEW.so  
[0.844s] -- Found OpenGL: /usr/lib/x86_64-linux-gnu/libOpenGL.so  found components: OpenGL GLX 
[0.947s] -- Found MPI_C: /usr/lib/x86_64-linux-gnu/libmpi.so (found version "3.1") 
[0.947s] -- Found MPI: TRUE (found version "3.1") found components: C 
[0.949s] -- Found JsonCpp: /usr/lib/x86_64-linux-gnu/libjsoncpp.so (found suitable version "1.9.5", minimum required is "0.7.0") 
[0.954s] -- Found ZLIB: /usr/lib/x86_64-linux-gnu/libz.so (found version "1.2.11") 
[0.964s] -- Found PNG: /usr/lib/x86_64-linux-gnu/libpng.so (found version "1.6.37") 
[0.971s] -- Found Eigen3: /usr/include/eigen3 (found version "3.4.0") 
[1.043s] -- Found X11: /usr/include   
[1.044s] -- Looking for XOpenDisplay in /usr/lib/x86_64-linux-gnu/libX11.so;/usr/lib/x86_64-linux-gnu/libXext.so
[1.101s] -- Looking for XOpenDisplay in /usr/lib/x86_64-linux-gnu/libX11.so;/usr/lib/x86_64-linux-gnu/libXext.so - found
[1.101s] -- Looking for gethostbyname
[1.159s] -- Looking for gethostbyname - found
[1.159s] -- Looking for connect
[1.208s] -- Looking for connect - found
[1.208s] -- Looking for remove
[1.261s] -- Looking for remove - found
[1.261s] -- Looking for shmat
[1.314s] -- Looking for shmat - found
[1.314s] -- Looking for IceConnectionNumber in ICE
[1.370s] -- Looking for IceConnectionNumber in ICE - found
[1.444s] -- Found EXPAT: /usr/lib/x86_64-linux-gnu/libexpat.so (found version "2.4.7") 
[1.446s] -- Found double-conversion: /usr/lib/x86_64-linux-gnu/libdouble-conversion.so  
[1.448s] -- Found LZ4: /usr/lib/x86_64-linux-gnu/liblz4.so (found version "1.9.3") 
[1.450s] -- Found LZMA: /usr/lib/x86_64-linux-gnu/liblzma.so (found version "5.2.5") 
[1.459s] -- Found JPEG: /usr/lib/x86_64-linux-gnu/libjpeg.so (found version "80") 
[1.462s] -- Found TIFF: /usr/lib/x86_64-linux-gnu/libtiff.so (found version "4.3.0")  
[1.464s] -- Found Freetype: /usr/lib/x86_64-linux-gnu/libfreetype.so (found version "2.11.1") 
[1.468s] -- Found utf8cpp: /usr/include/utf8cpp  
[1.543s] -- Checking for module 'libusb-1.0'
[1.562s] --   Found libusb-1.0, version 1.0.25
[1.613s] -- Found libusb: /usr/lib/x86_64-linux-gnu/libusb-1.0.so  
[1.615s] -- Found OpenNI: /usr/lib/libOpenNI.so;libusb::libusb (found version "1.5.4.0") 
[1.615s] -- OpenNI found (version: 1.5.4.0, include: /usr/include/ni, lib: /usr/lib/libOpenNI.so;libusb::libusb)
[1.668s] -- Found OpenNI2: /usr/lib/x86_64-linux-gnu/libOpenNI2.so;libusb::libusb (found version "2.2.0.33") 
[1.668s] -- OpenNI2 found (version: 2.2.0.33, include: /usr/include/openni2, lib: /usr/lib/x86_64-linux-gnu/libOpenNI2.so;libusb::libusb)
[1.668s] [0m** WARNING ** io features related to pcap will be disabled[0m
[1.770s] -- Eigen found (include: /usr/include/eigen3, version: 3.4.0)
[1.775s] -- OpenNI found (version: 1.5.4.0, include: /usr/include/ni, lib: /usr/lib/libOpenNI.so;libusb::libusb)
[1.780s] -- OpenNI2 found (version: 2.2.0.33, include: /usr/include/openni2, lib: /usr/lib/x86_64-linux-gnu/libOpenNI2.so;libusb::libusb)
[1.879s] -- Found Qhull version 8.0.2
[1.977s] -- OpenNI found (version: 1.5.4.0, include: /usr/include/ni, lib: /usr/lib/libOpenNI.so;libusb::libusb)
[2.069s] -- looking for PCL_COMMON
[2.069s] -- Found PCL_COMMON: /usr/lib/x86_64-linux-gnu/libpcl_common.so  
[2.069s] -- looking for PCL_KDTREE
[2.070s] -- Found PCL_KDTREE: /usr/lib/x86_64-linux-gnu/libpcl_kdtree.so  
[2.070s] -- looking for PCL_OCTREE
[2.070s] -- Found PCL_OCTREE: /usr/lib/x86_64-linux-gnu/libpcl_octree.so  
[2.070s] -- looking for PCL_SEARCH
[2.071s] -- Found PCL_SEARCH: /usr/lib/x86_64-linux-gnu/libpcl_search.so  
[2.071s] -- looking for PCL_SAMPLE_CONSENSUS
[2.071s] -- Found PCL_SAMPLE_CONSENSUS: /usr/lib/x86_64-linux-gnu/libpcl_sample_consensus.so  
[2.071s] -- looking for PCL_FILTERS
[2.072s] -- Found PCL_FILTERS: /usr/lib/x86_64-linux-gnu/libpcl_filters.so  
[2.072s] -- looking for PCL_2D
[2.072s] -- Found PCL_2D: /usr/include/pcl-1.12  
[2.072s] -- looking for PCL_GEOMETRY
[2.072s] -- Found PCL_GEOMETRY: /usr/include/pcl-1.12  
[2.072s] -- looking for PCL_IO
[2.073s] -- Found PCL_IO: /usr/lib/x86_64-linux-gnu/libpcl_io.so  
[2.073s] -- looking for PCL_FEATURES
[2.073s] -- Found PCL_FEATURES: /usr/lib/x86_64-linux-gnu/libpcl_features.so  
[2.073s] -- looking for PCL_ML
[2.074s] -- Found PCL_ML: /usr/lib/x86_64-linux-gnu/libpcl_ml.so  
[2.074s] -- looking for PCL_SEGMENTATION
[2.074s] -- Found PCL_SEGMENTATION: /usr/lib/x86_64-linux-gnu/libpcl_segmentation.so  
[2.074s] -- looking for PCL_VISUALIZATION
[2.075s] -- Found PCL_VISUALIZATION: /usr/lib/x86_64-linux-gnu/libpcl_visualization.so  
[2.075s] -- looking for PCL_SURFACE
[2.075s] -- Found PCL_SURFACE: /usr/lib/x86_64-linux-gnu/libpcl_surface.so  
[2.075s] -- looking for PCL_REGISTRATION
[2.076s] -- Found PCL_REGISTRATION: /usr/lib/x86_64-linux-gnu/libpcl_registration.so  
[2.076s] -- looking for PCL_KEYPOINTS
[2.076s] -- Found PCL_KEYPOINTS: /usr/lib/x86_64-linux-gnu/libpcl_keypoints.so  
[2.077s] -- looking for PCL_TRACKING
[2.077s] -- Found PCL_TRACKING: /usr/lib/x86_64-linux-gnu/libpcl_tracking.so  
[2.077s] -- looking for PCL_RECOGNITION
[2.078s] -- Found PCL_RECOGNITION: /usr/lib/x86_64-linux-gnu/libpcl_recognition.so  
[2.078s] -- looking for PCL_STEREO
[2.078s] -- Found PCL_STEREO: /usr/lib/x86_64-linux-gnu/libpcl_stereo.so  
[2.078s] -- looking for PCL_APPS
[2.079s] -- Found PCL_APPS: /usr/lib/x86_64-linux-gnu/libpcl_apps.so  
[2.079s] -- looking for PCL_IN_HAND_SCANNER
[2.079s] -- Found PCL_IN_HAND_SCANNER: /usr/include/pcl-1.12  
[2.079s] -- looking for PCL_MODELER
[2.079s] -- Found PCL_MODELER: /usr/include/pcl-1.12  
[2.079s] -- looking for PCL_POINT_CLOUD_EDITOR
[2.080s] -- Found PCL_POINT_CLOUD_EDITOR: /usr/include/pcl-1.12  
[2.080s] -- looking for PCL_OUTOFCORE
[2.080s] -- Found PCL_OUTOFCORE: /usr/lib/x86_64-linux-gnu/libpcl_outofcore.so  
[2.080s] -- looking for PCL_PEOPLE
[2.081s] -- Found PCL_PEOPLE: /usr/lib/x86_64-linux-gnu/libpcl_people.so  
[2.081s] -- Found PCL: pcl_common;pcl_kdtree;pcl_octree;pcl_search;pcl_sample_consensus;pcl_filters;pcl_io;pcl_features;pcl_ml;pcl_segmentation;pcl_visualization;pcl_surface;pcl_registration;pcl_keypoints;pcl_tracking;pcl_recognition;pcl_stereo;pcl_apps;pcl_outofcore;pcl_people;Boost::system;Boost::filesystem;Boost::date_time;Boost::iostreams;Boost::serialization;/usr/lib/libOpenNI.so;libusb::libusb;/usr/lib/x86_64-linux-gnu/libOpenNI2.so;libusb::libusb;VTK::ChartsCore;VTK::CommonColor;VTK::CommonComputationalGeometry;VTK::CommonCore;VTK::CommonDataModel;VTK::CommonExecutionModel;VTK::CommonMath;VTK::CommonMisc;VTK::CommonTransforms;VTK::FiltersCore;VTK::FiltersExtraction;VTK::FiltersGeneral;VTK::FiltersGeometry;VTK::FiltersModeling;VTK::FiltersSources;VTK::ImagingCore;VTK::ImagingSources;VTK::InteractionImage;VTK::InteractionStyle;VTK::InteractionWidgets;VTK::IOCore;VTK::IOGeometry;VTK::IOImage;VTK::IOLegacy;VTK::IOPLY;VTK::RenderingAnnotation;VTK::RenderingCore;VTK::RenderingContext2D;VTK::RenderingLOD;VTK::RenderingFreeType;VTK::ViewsCore;VTK::ViewsContext2D;VTK::RenderingOpenGL2;VTK::GUISupportQt;FLANN::FLANN;QHULL::QHULL  
[2.086s] -- Found laser_geometry: 2.4.0 (/opt/ros/humble/share/laser_geometry/cmake)
[2.096s] -- Found pcl_conversions: 2.4.5 (/opt/ros/humble/share/pcl_conversions/cmake)
[2.111s] -- Found tf2_eigen: 0.25.12 (/opt/ros/humble/share/tf2_eigen/cmake)
[2.169s] -- Found ament_lint_auto: 0.12.12 (/opt/ros/humble/share/ament_lint_auto/cmake)
[2.216s] -- Added test 'cppcheck' to perform static code analysis on C / C++ code
[2.216s] -- Configured cppcheck include dirs: /home/kun/ros2_ws/src/Simple-2D-LiDAR-Odometry/include;$<BUILD_INTERFACE:/home/kun/ros2_ws/src/Simple-2D-LiDAR-Odometry/include>
[2.216s] -- Configured cppcheck exclude dirs and/or files: 
[2.217s] -- Added test 'lint_cmake' to check CMake code style
[2.218s] -- Added test 'uncrustify' to check C / C++ code style
[2.218s] -- Configured uncrustify additional arguments: 
[2.218s] -- Added test 'xmllint' to check XML markup files
[2.219s] -- Configuring done
[2.236s] -- Generating done
[2.241s] -- Build files have been written to: /home/kun/ros2_ws/build/lidar_odometry
[2.254s] Invoked command in '/home/kun/ros2_ws/build/lidar_odometry' returned '0': CMAKE_PREFIX_PATH=${CMAKE_PREFIX_PATH}:/home/kun/pureslam_ros2_ws/install/neuronbot2_led:/home/kun/pureslam_ros2_ws/install/map2gazebo:/opt/ros/humble /usr/bin/cmake /home/kun/ros2_ws/src/Simple-2D-LiDAR-Odometry -DAMENT_CMAKE_SYMLINK_INSTALL=1 -DCMAKE_INSTALL_PREFIX=/home/kun/ros2_ws/install/lidar_odometry
[2.255s] Invoking command in '/home/kun/ros2_ws/build/lidar_odometry': CMAKE_PREFIX_PATH=${CMAKE_PREFIX_PATH}:/home/kun/pureslam_ros2_ws/install/neuronbot2_led:/home/kun/pureslam_ros2_ws/install/map2gazebo:/opt/ros/humble /usr/bin/cmake --build /home/kun/ros2_ws/build/lidar_odometry -- -j12 -l12
[2.296s] [ 33%] [32mBuilding CXX object CMakeFiles/lidar_odometry_node.dir/src/lidar_odometry.cpp.o[0m
[2.297s] [ 66%] [32mBuilding CXX object CMakeFiles/lidar_odometry_node.dir/src/lidar_odometry_node.cpp.o[0m
[13.672s] [100%] [32m[1mLinking CXX executable lidar_odometry_node[0m
[14.557s] [100%] Built target lidar_odometry_node
[14.570s] Invoked command in '/home/kun/ros2_ws/build/lidar_odometry' returned '0': CMAKE_PREFIX_PATH=${CMAKE_PREFIX_PATH}:/home/kun/pureslam_ros2_ws/install/neuronbot2_led:/home/kun/pureslam_ros2_ws/install/map2gazebo:/opt/ros/humble /usr/bin/cmake --build /home/kun/ros2_ws/build/lidar_odometry -- -j12 -l12
[14.577s] Invoking command in '/home/kun/ros2_ws/build/lidar_odometry': CMAKE_PREFIX_PATH=${CMAKE_PREFIX_PATH}:/home/kun/pureslam_ros2_ws/install/neuronbot2_led:/home/kun/pureslam_ros2_ws/install/map2gazebo:/opt/ros/humble /usr/bin/cmake --install /home/kun/ros2_ws/build/lidar_odometry
[14.585s] -- Install configuration: ""
[14.586s] -- Execute custom install script
[14.586s] -- Symlinking: /home/kun/ros2_ws/install/lidar_odometry/lib/lidar_odometry/lidar_odometry_node
[14.597s] -- Symlinking: /home/kun/ros2_ws/install/lidar_odometry/share/ament_index/resource_index/package_run_dependencies/lidar_odometry
[14.606s] -- Symlinking: /home/kun/ros2_ws/install/lidar_odometry/share/ament_index/resource_index/parent_prefix_path/lidar_odometry
[14.615s] -- Symlinking: /home/kun/ros2_ws/install/lidar_odometry/share/lidar_odometry/environment/ament_prefix_path.sh
[14.624s] -- Symlinking: /home/kun/ros2_ws/install/lidar_odometry/share/lidar_odometry/environment/ament_prefix_path.dsv
[14.631s] -- Symlinking: /home/kun/ros2_ws/install/lidar_odometry/share/lidar_odometry/environment/path.sh
[14.638s] -- Symlinking: /home/kun/ros2_ws/install/lidar_odometry/share/lidar_odometry/environment/path.dsv
[14.646s] -- Symlinking: /home/kun/ros2_ws/install/lidar_odometry/share/lidar_odometry/local_setup.bash
[14.655s] -- Symlinking: /home/kun/ros2_ws/install/lidar_odometry/share/lidar_odometry/local_setup.sh
[14.662s] -- Symlinking: /home/kun/ros2_ws/install/lidar_odometry/share/lidar_odometry/local_setup.zsh
[14.669s] -- Symlinking: /home/kun/ros2_ws/install/lidar_odometry/share/lidar_odometry/local_setup.dsv
[14.676s] -- Symlinking: /home/kun/ros2_ws/install/lidar_odometry/share/lidar_odometry/package.dsv
[14.682s] -- Symlinking: /home/kun/ros2_ws/install/lidar_odometry/share/ament_index/resource_index/packages/lidar_odometry
[14.688s] -- Symlinking: /home/kun/ros2_ws/install/lidar_odometry/share/lidar_odometry/cmake/lidar_odometryConfig.cmake
[14.695s] -- Symlinking: /home/kun/ros2_ws/install/lidar_odometry/share/lidar_odometry/cmake/lidar_odometryConfig-version.cmake
[14.703s] -- Symlinking: /home/kun/ros2_ws/install/lidar_odometry/share/lidar_odometry/package.xml
[14.711s] Invoked command in '/home/kun/ros2_ws/build/lidar_odometry' returned '0': CMAKE_PREFIX_PATH=${CMAKE_PREFIX_PATH}:/home/kun/pureslam_ros2_ws/install/neuronbot2_led:/home/kun/pureslam_ros2_ws/install/map2gazebo:/opt/ros/humble /usr/bin/cmake --install /home/kun/ros2_ws/build/lidar_odometry
